{"C:\\Project_Learning\\Projet_Learning\\src\\lib\\firebase\\collections.ts": {"path":"C:\\Project_Learning\\Projet_Learning\\src\\lib\\firebase\\collections.ts","all":false,"statementMap":{"0":{"start":{"line":1,"column":0},"end":{"line":1,"column":3}},"1":{"start":{"line":2,"column":0},"end":{"line":2,"column":42}},"2":{"start":{"line":3,"column":0},"end":{"line":3,"column":52}},"3":{"start":{"line":4,"column":0},"end":{"line":4,"column":2}},"4":{"start":{"line":5,"column":0},"end":{"line":5,"column":64}},"5":{"start":{"line":6,"column":0},"end":{"line":6,"column":49}},"6":{"start":{"line":7,"column":0},"end":{"line":7,"column":59}},"7":{"start":{"line":8,"column":0},"end":{"line":8,"column":3}},"8":{"start":{"line":9,"column":0},"end":{"line":9,"column":0}},"9":{"start":{"line":10,"column":0},"end":{"line":10,"column":24}},"10":{"start":{"line":11,"column":0},"end":{"line":11,"column":0}},"11":{"start":{"line":12,"column":0},"end":{"line":12,"column":66}},"12":{"start":{"line":13,"column":0},"end":{"line":13,"column":0}},"13":{"start":{"line":14,"column":0},"end":{"line":14,"column":3}},"14":{"start":{"line":15,"column":0},"end":{"line":15,"column":49}},"15":{"start":{"line":16,"column":0},"end":{"line":16,"column":74}},"16":{"start":{"line":17,"column":0},"end":{"line":17,"column":3}},"17":{"start":{"line":18,"column":0},"end":{"line":18,"column":40}},"18":{"start":{"line":19,"column":0},"end":{"line":19,"column":10}},"19":{"start":{"line":20,"column":0},"end":{"line":20,"column":13}},"20":{"start":{"line":21,"column":0},"end":{"line":21,"column":69}},"21":{"start":{"line":22,"column":0},"end":{"line":22,"column":12}},"22":{"start":{"line":23,"column":0},"end":{"line":23,"column":14}},"23":{"start":{"line":24,"column":0},"end":{"line":24,"column":75}},"24":{"start":{"line":25,"column":0},"end":{"line":25,"column":64}},"25":{"start":{"line":26,"column":0},"end":{"line":26,"column":5}},"26":{"start":{"line":27,"column":0},"end":{"line":27,"column":12}},"27":{"start":{"line":28,"column":0},"end":{"line":28,"column":14}},"28":{"start":{"line":29,"column":0},"end":{"line":29,"column":102}},"29":{"start":{"line":30,"column":0},"end":{"line":30,"column":13}},"30":{"start":{"line":31,"column":0},"end":{"line":31,"column":10}},"31":{"start":{"line":32,"column":0},"end":{"line":32,"column":62}},"32":{"start":{"line":33,"column":0},"end":{"line":33,"column":6}},"33":{"start":{"line":34,"column":0},"end":{"line":34,"column":1}},"34":{"start":{"line":35,"column":0},"end":{"line":35,"column":0}},"35":{"start":{"line":36,"column":0},"end":{"line":36,"column":3}},"36":{"start":{"line":37,"column":0},"end":{"line":37,"column":65}},"37":{"start":{"line":38,"column":0},"end":{"line":38,"column":3}},"38":{"start":{"line":39,"column":0},"end":{"line":39,"column":24}},"39":{"start":{"line":40,"column":0},"end":{"line":40,"column":10}},"40":{"start":{"line":41,"column":0},"end":{"line":41,"column":13}},"41":{"start":{"line":42,"column":0},"end":{"line":42,"column":35}},"42":{"start":{"line":43,"column":0},"end":{"line":43,"column":32}},"43":{"start":{"line":44,"column":0},"end":{"line":44,"column":12}},"44":{"start":{"line":45,"column":0},"end":{"line":45,"column":14}},"45":{"start":{"line":46,"column":0},"end":{"line":46,"column":77}},"46":{"start":{"line":47,"column":0},"end":{"line":47,"column":13}},"47":{"start":{"line":48,"column":0},"end":{"line":48,"column":10}},"48":{"start":{"line":49,"column":0},"end":{"line":49,"column":66}},"49":{"start":{"line":50,"column":0},"end":{"line":50,"column":6}},"50":{"start":{"line":51,"column":0},"end":{"line":51,"column":1}},"51":{"start":{"line":52,"column":0},"end":{"line":52,"column":0}},"52":{"start":{"line":53,"column":0},"end":{"line":53,"column":34}},"53":{"start":{"line":54,"column":0},"end":{"line":54,"column":0}},"54":{"start":{"line":55,"column":0},"end":{"line":55,"column":3}},"55":{"start":{"line":56,"column":0},"end":{"line":56,"column":39}},"56":{"start":{"line":57,"column":0},"end":{"line":57,"column":94}},"57":{"start":{"line":58,"column":0},"end":{"line":58,"column":3}},"58":{"start":{"line":59,"column":0},"end":{"line":59,"column":43}},"59":{"start":{"line":60,"column":0},"end":{"line":60,"column":23}},"60":{"start":{"line":61,"column":0},"end":{"line":61,"column":23}},"61":{"start":{"line":62,"column":0},"end":{"line":62,"column":33}},"62":{"start":{"line":63,"column":0},"end":{"line":63,"column":40}},"63":{"start":{"line":64,"column":0},"end":{"line":64,"column":48}},"64":{"start":{"line":65,"column":0},"end":{"line":65,"column":24}},"65":{"start":{"line":66,"column":0},"end":{"line":66,"column":26}},"66":{"start":{"line":67,"column":0},"end":{"line":67,"column":0}},"67":{"start":{"line":68,"column":0},"end":{"line":68,"column":16}},"68":{"start":{"line":69,"column":0},"end":{"line":69,"column":13}},"69":{"start":{"line":70,"column":0},"end":{"line":70,"column":41}},"70":{"start":{"line":71,"column":0},"end":{"line":71,"column":63}},"71":{"start":{"line":72,"column":0},"end":{"line":72,"column":31}},"72":{"start":{"line":73,"column":0},"end":{"line":73,"column":41}},"73":{"start":{"line":74,"column":0},"end":{"line":74,"column":40}},"74":{"start":{"line":75,"column":0},"end":{"line":75,"column":46}},"75":{"start":{"line":76,"column":0},"end":{"line":76,"column":9}},"76":{"start":{"line":77,"column":0},"end":{"line":77,"column":31}},"77":{"start":{"line":78,"column":0},"end":{"line":78,"column":73}},"78":{"start":{"line":79,"column":0},"end":{"line":79,"column":49}},"79":{"start":{"line":80,"column":0},"end":{"line":80,"column":50}},"80":{"start":{"line":81,"column":0},"end":{"line":81,"column":9}},"81":{"start":{"line":82,"column":0},"end":{"line":82,"column":6}},"82":{"start":{"line":83,"column":0},"end":{"line":83,"column":14}},"83":{"start":{"line":84,"column":0},"end":{"line":84,"column":21}},"84":{"start":{"line":85,"column":0},"end":{"line":85,"column":20}},"85":{"start":{"line":86,"column":0},"end":{"line":86,"column":22}},"86":{"start":{"line":87,"column":0},"end":{"line":87,"column":20}},"87":{"start":{"line":88,"column":0},"end":{"line":88,"column":19}},"88":{"start":{"line":89,"column":0},"end":{"line":89,"column":25}},"89":{"start":{"line":90,"column":0},"end":{"line":90,"column":8}},"90":{"start":{"line":91,"column":0},"end":{"line":91,"column":22}},"91":{"start":{"line":92,"column":0},"end":{"line":92,"column":27}},"92":{"start":{"line":93,"column":0},"end":{"line":93,"column":28}},"93":{"start":{"line":94,"column":0},"end":{"line":94,"column":29}},"94":{"start":{"line":95,"column":0},"end":{"line":95,"column":8}},"95":{"start":{"line":96,"column":0},"end":{"line":96,"column":7}},"96":{"start":{"line":97,"column":0},"end":{"line":97,"column":0}},"97":{"start":{"line":98,"column":0},"end":{"line":98,"column":20}},"98":{"start":{"line":99,"column":0},"end":{"line":99,"column":13}},"99":{"start":{"line":100,"column":0},"end":{"line":100,"column":14}},"100":{"start":{"line":101,"column":0},"end":{"line":101,"column":72}},"101":{"start":{"line":102,"column":0},"end":{"line":102,"column":26}},"102":{"start":{"line":103,"column":0},"end":{"line":103,"column":66}},"103":{"start":{"line":104,"column":0},"end":{"line":104,"column":78}},"104":{"start":{"line":105,"column":0},"end":{"line":105,"column":53}},"105":{"start":{"line":106,"column":0},"end":{"line":106,"column":49}},"106":{"start":{"line":107,"column":0},"end":{"line":107,"column":6}},"107":{"start":{"line":108,"column":0},"end":{"line":108,"column":14}},"108":{"start":{"line":109,"column":0},"end":{"line":109,"column":21}},"109":{"start":{"line":110,"column":0},"end":{"line":110,"column":32}},"110":{"start":{"line":111,"column":0},"end":{"line":111,"column":36}},"111":{"start":{"line":112,"column":0},"end":{"line":112,"column":24}},"112":{"start":{"line":113,"column":0},"end":{"line":113,"column":20}},"113":{"start":{"line":114,"column":0},"end":{"line":114,"column":7}},"114":{"start":{"line":115,"column":0},"end":{"line":115,"column":0}},"115":{"start":{"line":116,"column":0},"end":{"line":116,"column":21}},"116":{"start":{"line":117,"column":0},"end":{"line":117,"column":13}},"117":{"start":{"line":118,"column":0},"end":{"line":118,"column":55}},"118":{"start":{"line":119,"column":0},"end":{"line":119,"column":46}},"119":{"start":{"line":120,"column":0},"end":{"line":120,"column":59}},"120":{"start":{"line":121,"column":0},"end":{"line":121,"column":64}},"121":{"start":{"line":122,"column":0},"end":{"line":122,"column":43}},"122":{"start":{"line":123,"column":0},"end":{"line":123,"column":56}},"123":{"start":{"line":124,"column":0},"end":{"line":124,"column":6}},"124":{"start":{"line":125,"column":0},"end":{"line":125,"column":14}},"125":{"start":{"line":126,"column":0},"end":{"line":126,"column":24}},"126":{"start":{"line":127,"column":0},"end":{"line":127,"column":26}},"127":{"start":{"line":128,"column":0},"end":{"line":128,"column":30}},"128":{"start":{"line":129,"column":0},"end":{"line":129,"column":23}},"129":{"start":{"line":130,"column":0},"end":{"line":130,"column":23}},"130":{"start":{"line":131,"column":0},"end":{"line":131,"column":7}},"131":{"start":{"line":132,"column":0},"end":{"line":132,"column":0}},"132":{"start":{"line":133,"column":0},"end":{"line":133,"column":13}},"133":{"start":{"line":134,"column":0},"end":{"line":134,"column":13}},"134":{"start":{"line":135,"column":0},"end":{"line":135,"column":41}},"135":{"start":{"line":136,"column":0},"end":{"line":136,"column":30}},"136":{"start":{"line":137,"column":0},"end":{"line":137,"column":42}},"137":{"start":{"line":138,"column":0},"end":{"line":138,"column":29}},"138":{"start":{"line":139,"column":0},"end":{"line":139,"column":32}},"139":{"start":{"line":140,"column":0},"end":{"line":140,"column":31}},"140":{"start":{"line":141,"column":0},"end":{"line":141,"column":31}},"141":{"start":{"line":142,"column":0},"end":{"line":142,"column":32}},"142":{"start":{"line":143,"column":0},"end":{"line":143,"column":9}},"143":{"start":{"line":144,"column":0},"end":{"line":144,"column":6}},"144":{"start":{"line":145,"column":0},"end":{"line":145,"column":15}},"145":{"start":{"line":146,"column":0},"end":{"line":146,"column":15}},"146":{"start":{"line":147,"column":0},"end":{"line":147,"column":14}},"147":{"start":{"line":148,"column":0},"end":{"line":148,"column":16}},"148":{"start":{"line":149,"column":0},"end":{"line":149,"column":25}},"149":{"start":{"line":150,"column":0},"end":{"line":150,"column":48}},"150":{"start":{"line":151,"column":0},"end":{"line":151,"column":25}},"151":{"start":{"line":152,"column":0},"end":{"line":152,"column":24}},"152":{"start":{"line":153,"column":0},"end":{"line":153,"column":30}},"153":{"start":{"line":154,"column":0},"end":{"line":154,"column":29}},"154":{"start":{"line":155,"column":0},"end":{"line":155,"column":29}},"155":{"start":{"line":156,"column":0},"end":{"line":156,"column":50}},"156":{"start":{"line":157,"column":0},"end":{"line":157,"column":12}},"157":{"start":{"line":158,"column":0},"end":{"line":158,"column":9}},"158":{"start":{"line":159,"column":0},"end":{"line":159,"column":6}},"159":{"start":{"line":160,"column":0},"end":{"line":160,"column":3}},"160":{"start":{"line":161,"column":0},"end":{"line":161,"column":0}},"161":{"start":{"line":162,"column":0},"end":{"line":162,"column":28}},"162":{"start":{"line":163,"column":0},"end":{"line":163,"column":0}},"163":{"start":{"line":164,"column":0},"end":{"line":164,"column":3}},"164":{"start":{"line":165,"column":0},"end":{"line":165,"column":24}},"165":{"start":{"line":166,"column":0},"end":{"line":166,"column":63}},"166":{"start":{"line":167,"column":0},"end":{"line":167,"column":3}},"167":{"start":{"line":168,"column":0},"end":{"line":168,"column":38}},"168":{"start":{"line":169,"column":0},"end":{"line":169,"column":17}},"169":{"start":{"line":170,"column":0},"end":{"line":170,"column":20}},"170":{"start":{"line":171,"column":0},"end":{"line":171,"column":26}},"171":{"start":{"line":172,"column":0},"end":{"line":172,"column":23}},"172":{"start":{"line":173,"column":0},"end":{"line":173,"column":58}},"173":{"start":{"line":174,"column":0},"end":{"line":174,"column":54}},"174":{"start":{"line":175,"column":0},"end":{"line":175,"column":37}},"175":{"start":{"line":176,"column":0},"end":{"line":176,"column":40}},"176":{"start":{"line":177,"column":0},"end":{"line":177,"column":37}},"177":{"start":{"line":178,"column":0},"end":{"line":178,"column":49}},"178":{"start":{"line":179,"column":0},"end":{"line":179,"column":0}},"179":{"start":{"line":180,"column":0},"end":{"line":180,"column":21}},"180":{"start":{"line":181,"column":0},"end":{"line":181,"column":21}},"181":{"start":{"line":182,"column":0},"end":{"line":182,"column":16}},"182":{"start":{"line":183,"column":0},"end":{"line":183,"column":23}},"183":{"start":{"line":184,"column":0},"end":{"line":184,"column":26}},"184":{"start":{"line":185,"column":0},"end":{"line":185,"column":32}},"185":{"start":{"line":186,"column":0},"end":{"line":186,"column":26}},"186":{"start":{"line":187,"column":0},"end":{"line":187,"column":25}},"187":{"start":{"line":188,"column":0},"end":{"line":188,"column":20}},"188":{"start":{"line":189,"column":0},"end":{"line":189,"column":27}},"189":{"start":{"line":190,"column":0},"end":{"line":190,"column":30}},"190":{"start":{"line":191,"column":0},"end":{"line":191,"column":67}},"191":{"start":{"line":192,"column":0},"end":{"line":192,"column":32}},"192":{"start":{"line":193,"column":0},"end":{"line":193,"column":33}},"193":{"start":{"line":194,"column":0},"end":{"line":194,"column":24}},"194":{"start":{"line":195,"column":0},"end":{"line":195,"column":21}},"195":{"start":{"line":196,"column":0},"end":{"line":196,"column":26}},"196":{"start":{"line":197,"column":0},"end":{"line":197,"column":35}},"197":{"start":{"line":198,"column":0},"end":{"line":198,"column":34}},"198":{"start":{"line":199,"column":0},"end":{"line":199,"column":36}},"199":{"start":{"line":200,"column":0},"end":{"line":200,"column":18}},"200":{"start":{"line":201,"column":0},"end":{"line":201,"column":15}},"201":{"start":{"line":202,"column":0},"end":{"line":202,"column":27}},"202":{"start":{"line":203,"column":0},"end":{"line":203,"column":12}},"203":{"start":{"line":204,"column":0},"end":{"line":204,"column":10}},"204":{"start":{"line":205,"column":0},"end":{"line":205,"column":8}},"205":{"start":{"line":206,"column":0},"end":{"line":206,"column":6}},"206":{"start":{"line":207,"column":0},"end":{"line":207,"column":5}},"207":{"start":{"line":208,"column":0},"end":{"line":208,"column":0}},"208":{"start":{"line":209,"column":0},"end":{"line":209,"column":24}},"209":{"start":{"line":210,"column":0},"end":{"line":210,"column":63}},"210":{"start":{"line":211,"column":0},"end":{"line":211,"column":42}},"211":{"start":{"line":212,"column":0},"end":{"line":212,"column":58}},"212":{"start":{"line":213,"column":0},"end":{"line":213,"column":56}},"213":{"start":{"line":214,"column":0},"end":{"line":214,"column":5}},"214":{"start":{"line":215,"column":0},"end":{"line":215,"column":0}},"215":{"start":{"line":216,"column":0},"end":{"line":216,"column":23}},"216":{"start":{"line":217,"column":0},"end":{"line":217,"column":44}},"217":{"start":{"line":218,"column":0},"end":{"line":218,"column":56}},"218":{"start":{"line":219,"column":0},"end":{"line":219,"column":55}},"219":{"start":{"line":220,"column":0},"end":{"line":220,"column":40}},"220":{"start":{"line":221,"column":0},"end":{"line":221,"column":5}},"221":{"start":{"line":222,"column":0},"end":{"line":222,"column":0}},"222":{"start":{"line":223,"column":0},"end":{"line":223,"column":22}},"223":{"start":{"line":224,"column":0},"end":{"line":224,"column":25}},"224":{"start":{"line":225,"column":0},"end":{"line":225,"column":26}},"225":{"start":{"line":226,"column":0},"end":{"line":226,"column":26}},"226":{"start":{"line":227,"column":0},"end":{"line":227,"column":39}},"227":{"start":{"line":228,"column":0},"end":{"line":228,"column":44}},"228":{"start":{"line":229,"column":0},"end":{"line":229,"column":39}},"229":{"start":{"line":230,"column":0},"end":{"line":230,"column":5}},"230":{"start":{"line":231,"column":0},"end":{"line":231,"column":3}},"231":{"start":{"line":232,"column":0},"end":{"line":232,"column":0}},"232":{"start":{"line":233,"column":0},"end":{"line":233,"column":32}},"233":{"start":{"line":234,"column":0},"end":{"line":234,"column":0}},"234":{"start":{"line":235,"column":0},"end":{"line":235,"column":3}},"235":{"start":{"line":236,"column":0},"end":{"line":236,"column":30}},"236":{"start":{"line":237,"column":0},"end":{"line":237,"column":78}},"237":{"start":{"line":238,"column":0},"end":{"line":238,"column":3}},"238":{"start":{"line":239,"column":0},"end":{"line":239,"column":42}},"239":{"start":{"line":240,"column":0},"end":{"line":240,"column":17}},"240":{"start":{"line":241,"column":0},"end":{"line":241,"column":19}},"241":{"start":{"line":242,"column":0},"end":{"line":242,"column":26}},"242":{"start":{"line":243,"column":0},"end":{"line":243,"column":23}},"243":{"start":{"line":244,"column":0},"end":{"line":244,"column":49}},"244":{"start":{"line":245,"column":0},"end":{"line":245,"column":49}},"245":{"start":{"line":246,"column":0},"end":{"line":246,"column":42}},"246":{"start":{"line":247,"column":0},"end":{"line":247,"column":0}},"247":{"start":{"line":248,"column":0},"end":{"line":248,"column":30}},"248":{"start":{"line":249,"column":0},"end":{"line":249,"column":14}},"249":{"start":{"line":250,"column":0},"end":{"line":250,"column":28}},"250":{"start":{"line":251,"column":0},"end":{"line":251,"column":39}},"251":{"start":{"line":252,"column":0},"end":{"line":252,"column":6}},"252":{"start":{"line":253,"column":0},"end":{"line":253,"column":4}},"253":{"start":{"line":254,"column":0},"end":{"line":254,"column":0}},"254":{"start":{"line":255,"column":0},"end":{"line":255,"column":14}},"255":{"start":{"line":256,"column":0},"end":{"line":256,"column":11}},"256":{"start":{"line":257,"column":0},"end":{"line":257,"column":16}},"257":{"start":{"line":258,"column":0},"end":{"line":258,"column":65}},"258":{"start":{"line":259,"column":0},"end":{"line":259,"column":31}},"259":{"start":{"line":260,"column":0},"end":{"line":260,"column":26}},"260":{"start":{"line":261,"column":0},"end":{"line":261,"column":45}},"261":{"start":{"line":262,"column":0},"end":{"line":262,"column":8}},"262":{"start":{"line":263,"column":0},"end":{"line":263,"column":5}},"263":{"start":{"line":264,"column":0},"end":{"line":264,"column":17}},"264":{"start":{"line":265,"column":0},"end":{"line":265,"column":0}},"265":{"start":{"line":266,"column":0},"end":{"line":266,"column":22}},"266":{"start":{"line":267,"column":0},"end":{"line":267,"column":26}},"267":{"start":{"line":268,"column":0},"end":{"line":268,"column":26}},"268":{"start":{"line":269,"column":0},"end":{"line":269,"column":26}},"269":{"start":{"line":270,"column":0},"end":{"line":270,"column":40}},"270":{"start":{"line":271,"column":0},"end":{"line":271,"column":5}},"271":{"start":{"line":272,"column":0},"end":{"line":272,"column":3}},"272":{"start":{"line":273,"column":0},"end":{"line":273,"column":0}},"273":{"start":{"line":274,"column":0},"end":{"line":274,"column":35}},"274":{"start":{"line":275,"column":0},"end":{"line":275,"column":0}},"275":{"start":{"line":276,"column":0},"end":{"line":276,"column":3}},"276":{"start":{"line":277,"column":0},"end":{"line":277,"column":50}},"277":{"start":{"line":278,"column":0},"end":{"line":278,"column":74}},"278":{"start":{"line":279,"column":0},"end":{"line":279,"column":3}},"279":{"start":{"line":280,"column":0},"end":{"line":280,"column":44}},"280":{"start":{"line":281,"column":0},"end":{"line":281,"column":36}},"281":{"start":{"line":282,"column":0},"end":{"line":282,"column":21}},"282":{"start":{"line":283,"column":0},"end":{"line":283,"column":23}},"283":{"start":{"line":284,"column":0},"end":{"line":284,"column":72}},"284":{"start":{"line":285,"column":0},"end":{"line":285,"column":0}},"285":{"start":{"line":286,"column":0},"end":{"line":286,"column":29}},"286":{"start":{"line":287,"column":0},"end":{"line":287,"column":47}},"287":{"start":{"line":288,"column":0},"end":{"line":288,"column":40}},"288":{"start":{"line":289,"column":0},"end":{"line":289,"column":43}},"289":{"start":{"line":290,"column":0},"end":{"line":290,"column":3}},"290":{"start":{"line":291,"column":0},"end":{"line":291,"column":0}},"291":{"start":{"line":292,"column":0},"end":{"line":292,"column":27}},"292":{"start":{"line":293,"column":0},"end":{"line":293,"column":0}},"293":{"start":{"line":294,"column":0},"end":{"line":294,"column":3}},"294":{"start":{"line":295,"column":0},"end":{"line":295,"column":43}},"295":{"start":{"line":296,"column":0},"end":{"line":296,"column":67}},"296":{"start":{"line":297,"column":0},"end":{"line":297,"column":3}},"297":{"start":{"line":298,"column":0},"end":{"line":298,"column":60}},"298":{"start":{"line":299,"column":0},"end":{"line":299,"column":50}},"299":{"start":{"line":300,"column":0},"end":{"line":300,"column":58}},"300":{"start":{"line":301,"column":0},"end":{"line":301,"column":62}},"301":{"start":{"line":302,"column":0},"end":{"line":302,"column":0}},"302":{"start":{"line":303,"column":0},"end":{"line":303,"column":31}},"303":{"start":{"line":304,"column":0},"end":{"line":304,"column":0}},"304":{"start":{"line":305,"column":0},"end":{"line":305,"column":3}},"305":{"start":{"line":306,"column":0},"end":{"line":306,"column":51}},"306":{"start":{"line":307,"column":0},"end":{"line":307,"column":73}},"307":{"start":{"line":308,"column":0},"end":{"line":308,"column":3}},"308":{"start":{"line":309,"column":0},"end":{"line":309,"column":28}},"309":{"start":{"line":310,"column":0},"end":{"line":310,"column":17}},"310":{"start":{"line":311,"column":0},"end":{"line":311,"column":21}},"311":{"start":{"line":312,"column":0},"end":{"line":312,"column":29}},"312":{"start":{"line":313,"column":0},"end":{"line":313,"column":32}},"313":{"start":{"line":314,"column":0},"end":{"line":314,"column":25}},"314":{"start":{"line":315,"column":0},"end":{"line":315,"column":11}},"315":{"start":{"line":316,"column":0},"end":{"line":316,"column":0}},"316":{"start":{"line":317,"column":0},"end":{"line":317,"column":76}}},"s":{"0":1,"1":1,"2":1,"3":1,"4":1,"5":1,"6":1,"7":1,"8":1,"9":1,"10":1,"11":1,"12":1,"13":1,"14":1,"15":1,"16":1,"17":4,"18":4,"19":4,"20":4,"21":4,"22":4,"23":37,"24":4,"25":4,"26":4,"27":4,"28":37,"29":37,"30":37,"31":4,"32":4,"33":4,"34":1,"35":1,"36":1,"37":1,"38":2,"39":2,"40":2,"41":2,"42":2,"43":2,"44":2,"45":19,"46":19,"47":19,"48":2,"49":2,"50":2,"51":1,"52":1,"53":1,"54":1,"55":1,"56":1,"57":1,"58":1,"59":1,"60":1,"61":1,"62":1,"63":1,"64":1,"65":1,"66":1,"67":1,"68":1,"69":1,"70":1,"71":1,"72":1,"73":1,"74":1,"75":1,"76":1,"77":1,"78":1,"79":1,"80":1,"81":1,"82":1,"83":1,"84":1,"85":1,"86":1,"87":1,"88":1,"89":1,"90":1,"91":1,"92":1,"93":1,"94":1,"95":1,"96":1,"97":1,"98":1,"99":1,"100":1,"101":1,"102":1,"103":1,"104":1,"105":1,"106":1,"107":1,"108":1,"109":1,"110":1,"111":1,"112":1,"113":1,"114":1,"115":1,"116":1,"117":1,"118":1,"119":1,"120":1,"121":1,"122":1,"123":1,"124":1,"125":1,"126":1,"127":1,"128":1,"129":1,"130":1,"131":1,"132":1,"133":1,"134":1,"135":1,"136":1,"137":1,"138":1,"139":1,"140":1,"141":1,"142":1,"143":1,"144":1,"145":1,"146":1,"147":20,"148":18,"149":18,"150":18,"151":18,"152":18,"153":18,"154":18,"155":18,"156":18,"157":18,"158":1,"159":1,"160":1,"161":1,"162":1,"163":1,"164":1,"165":1,"166":1,"167":1,"168":1,"169":1,"170":1,"171":1,"172":1,"173":1,"174":1,"175":1,"176":1,"177":1,"178":1,"179":1,"180":1,"181":1,"182":1,"183":1,"184":1,"185":1,"186":1,"187":1,"188":1,"189":1,"190":1,"191":1,"192":1,"193":1,"194":1,"195":1,"196":1,"197":1,"198":1,"199":1,"200":1,"201":1,"202":1,"203":1,"204":1,"205":1,"206":1,"207":1,"208":1,"209":1,"210":1,"211":1,"212":1,"213":1,"214":1,"215":1,"216":1,"217":1,"218":1,"219":1,"220":1,"221":1,"222":1,"223":1,"224":1,"225":1,"226":1,"227":1,"228":1,"229":1,"230":1,"231":1,"232":1,"233":1,"234":1,"235":1,"236":1,"237":1,"238":1,"239":1,"240":1,"241":1,"242":1,"243":1,"244":1,"245":1,"246":1,"247":1,"248":1,"249":1,"250":1,"251":1,"252":1,"253":1,"254":1,"255":1,"256":1,"257":1,"258":1,"259":1,"260":1,"261":1,"262":1,"263":1,"264":1,"265":1,"266":1,"267":1,"268":1,"269":1,"270":1,"271":1,"272":1,"273":1,"274":1,"275":1,"276":1,"277":1,"278":1,"279":1,"280":1,"281":1,"282":1,"283":1,"284":1,"285":1,"286":1,"287":1,"288":1,"289":1,"290":1,"291":1,"292":1,"293":1,"294":1,"295":1,"296":1,"297":1,"298":1,"299":1,"300":1,"301":1,"302":1,"303":1,"304":1,"305":1,"306":1,"307":1,"308":1,"309":1,"310":1,"311":1,"312":1,"313":1,"314":1,"315":1,"316":1},"branchMap":{"0":{"type":"branch","line":18,"loc":{"start":{"line":18,"column":0},"end":{"line":34,"column":1}},"locations":[{"start":{"line":18,"column":0},"end":{"line":34,"column":1}}]},"1":{"type":"branch","line":23,"loc":{"start":{"line":23,"column":6},"end":{"line":24,"column":75}},"locations":[{"start":{"line":23,"column":6},"end":{"line":24,"column":75}}]},"2":{"type":"branch","line":28,"loc":{"start":{"line":28,"column":6},"end":{"line":31,"column":10}},"locations":[{"start":{"line":28,"column":6},"end":{"line":31,"column":10}}]},"3":{"type":"branch","line":39,"loc":{"start":{"line":39,"column":0},"end":{"line":51,"column":1}},"locations":[{"start":{"line":39,"column":0},"end":{"line":51,"column":1}}]},"4":{"type":"branch","line":45,"loc":{"start":{"line":45,"column":6},"end":{"line":48,"column":10}},"locations":[{"start":{"line":45,"column":6},"end":{"line":48,"column":10}}]},"5":{"type":"branch","line":147,"loc":{"start":{"line":147,"column":6},"end":{"line":158,"column":9}},"locations":[{"start":{"line":147,"column":6},"end":{"line":158,"column":9}}]},"6":{"type":"branch","line":148,"loc":{"start":{"line":148,"column":8},"end":{"line":158,"column":9}},"locations":[{"start":{"line":148,"column":8},"end":{"line":158,"column":9}}]}},"b":{"0":[4],"1":[37],"2":[37],"3":[2],"4":[19],"5":[20],"6":[18]},"fnMap":{"0":{"name":"secureString","decl":{"start":{"line":18,"column":0},"end":{"line":34,"column":1}},"loc":{"start":{"line":18,"column":0},"end":{"line":34,"column":1}},"line":18},"1":{"name":"__vite_ssr_import_0__.z.string.max.refine.message","decl":{"start":{"line":23,"column":6},"end":{"line":24,"column":75}},"loc":{"start":{"line":23,"column":6},"end":{"line":24,"column":75}},"line":23},"2":{"name":"__vite_ssr_import_0__.z.string.max.refine.refine.message","decl":{"start":{"line":28,"column":6},"end":{"line":31,"column":10}},"loc":{"start":{"line":28,"column":6},"end":{"line":31,"column":10}},"line":28},"3":{"name":"secureEmail","decl":{"start":{"line":39,"column":0},"end":{"line":51,"column":1}},"loc":{"start":{"line":39,"column":0},"end":{"line":51,"column":1}},"line":39},"4":{"name":"__vite_ssr_import_0__.z.string.email.max.refine.message","decl":{"start":{"line":45,"column":6},"end":{"line":48,"column":10}},"loc":{"start":{"line":45,"column":6},"end":{"line":48,"column":10}},"line":45}},"f":{"0":4,"1":37,"2":37,"3":2,"4":19}}
,"C:\\Project_Learning\\Projet_Learning\\src\\lib\\firebase\\utils.ts": {"path":"C:\\Project_Learning\\Projet_Learning\\src\\lib\\firebase\\utils.ts","all":false,"statementMap":{"0":{"start":{"line":1,"column":0},"end":{"line":1,"column":3}},"1":{"start":{"line":2,"column":0},"end":{"line":2,"column":21}},"2":{"start":{"line":3,"column":0},"end":{"line":3,"column":58}},"3":{"start":{"line":4,"column":0},"end":{"line":4,"column":2}},"4":{"start":{"line":5,"column":0},"end":{"line":5,"column":75}},"5":{"start":{"line":6,"column":0},"end":{"line":6,"column":64}},"6":{"start":{"line":7,"column":0},"end":{"line":7,"column":3}},"7":{"start":{"line":8,"column":0},"end":{"line":8,"column":0}},"8":{"start":{"line":9,"column":0},"end":{"line":9,"column":8}},"9":{"start":{"line":10,"column":0},"end":{"line":10,"column":15}},"10":{"start":{"line":11,"column":0},"end":{"line":11,"column":24}},"11":{"start":{"line":12,"column":0},"end":{"line":12,"column":25}},"12":{"start":{"line":13,"column":0},"end":{"line":13,"column":18}},"13":{"start":{"line":14,"column":0},"end":{"line":14,"column":28}},"14":{"start":{"line":15,"column":0},"end":{"line":15,"column":45}},"15":{"start":{"line":16,"column":0},"end":{"line":16,"column":8}},"16":{"start":{"line":17,"column":0},"end":{"line":17,"column":20}},"17":{"start":{"line":18,"column":0},"end":{"line":18,"column":15}},"18":{"start":{"line":19,"column":0},"end":{"line":19,"column":19}},"19":{"start":{"line":20,"column":0},"end":{"line":20,"column":21}},"20":{"start":{"line":21,"column":0},"end":{"line":21,"column":19}},"21":{"start":{"line":22,"column":0},"end":{"line":22,"column":14}},"22":{"start":{"line":23,"column":0},"end":{"line":23,"column":18}},"23":{"start":{"line":24,"column":0},"end":{"line":24,"column":20}},"24":{"start":{"line":25,"column":0},"end":{"line":25,"column":23}},"25":{"start":{"line":26,"column":0},"end":{"line":26,"column":0}},"26":{"start":{"line":27,"column":0},"end":{"line":27,"column":40}},"27":{"start":{"line":28,"column":0},"end":{"line":28,"column":0}},"28":{"start":{"line":29,"column":0},"end":{"line":29,"column":3}},"29":{"start":{"line":30,"column":0},"end":{"line":30,"column":45}},"30":{"start":{"line":31,"column":0},"end":{"line":31,"column":72}},"31":{"start":{"line":32,"column":0},"end":{"line":32,"column":3}},"32":{"start":{"line":33,"column":0},"end":{"line":33,"column":76}},"33":{"start":{"line":34,"column":0},"end":{"line":34,"column":10}},"34":{"start":{"line":35,"column":0},"end":{"line":35,"column":50}},"35":{"start":{"line":36,"column":0},"end":{"line":36,"column":55}},"36":{"start":{"line":37,"column":0},"end":{"line":37,"column":39}},"37":{"start":{"line":38,"column":0},"end":{"line":38,"column":22}},"38":{"start":{"line":39,"column":0},"end":{"line":39,"column":6}},"39":{"start":{"line":40,"column":0},"end":{"line":40,"column":0}},"40":{"start":{"line":41,"column":0},"end":{"line":41,"column":18}},"41":{"start":{"line":42,"column":0},"end":{"line":42,"column":52}},"42":{"start":{"line":43,"column":0},"end":{"line":43,"column":31}},"43":{"start":{"line":44,"column":0},"end":{"line":44,"column":20}},"44":{"start":{"line":45,"column":0},"end":{"line":45,"column":42}},"45":{"start":{"line":46,"column":0},"end":{"line":46,"column":0}},"46":{"start":{"line":47,"column":0},"end":{"line":47,"column":57}},"47":{"start":{"line":48,"column":0},"end":{"line":48,"column":50}},"48":{"start":{"line":49,"column":0},"end":{"line":49,"column":24}},"49":{"start":{"line":50,"column":0},"end":{"line":50,"column":16}},"50":{"start":{"line":51,"column":0},"end":{"line":51,"column":9}},"51":{"start":{"line":52,"column":0},"end":{"line":52,"column":0}},"52":{"start":{"line":53,"column":0},"end":{"line":53,"column":24}},"53":{"start":{"line":54,"column":0},"end":{"line":54,"column":6}},"54":{"start":{"line":55,"column":0},"end":{"line":55,"column":4}},"55":{"start":{"line":56,"column":0},"end":{"line":56,"column":1}},"56":{"start":{"line":57,"column":0},"end":{"line":57,"column":0}},"57":{"start":{"line":58,"column":0},"end":{"line":58,"column":3}},"58":{"start":{"line":59,"column":0},"end":{"line":59,"column":47}},"59":{"start":{"line":60,"column":0},"end":{"line":60,"column":3}},"60":{"start":{"line":61,"column":0},"end":{"line":61,"column":73}},"61":{"start":{"line":62,"column":0},"end":{"line":62,"column":10}},"62":{"start":{"line":63,"column":0},"end":{"line":63,"column":47}},"63":{"start":{"line":64,"column":0},"end":{"line":64,"column":43}},"64":{"start":{"line":65,"column":0},"end":{"line":65,"column":24}},"65":{"start":{"line":66,"column":0},"end":{"line":66,"column":6}},"66":{"start":{"line":67,"column":0},"end":{"line":67,"column":0}},"67":{"start":{"line":68,"column":0},"end":{"line":68,"column":18}},"68":{"start":{"line":69,"column":0},"end":{"line":69,"column":52}},"69":{"start":{"line":70,"column":0},"end":{"line":70,"column":31}},"70":{"start":{"line":71,"column":0},"end":{"line":71,"column":15}},"71":{"start":{"line":72,"column":0},"end":{"line":72,"column":42}},"72":{"start":{"line":73,"column":0},"end":{"line":73,"column":0}},"73":{"start":{"line":74,"column":0},"end":{"line":74,"column":45}},"74":{"start":{"line":75,"column":0},"end":{"line":75,"column":24}},"75":{"start":{"line":76,"column":0},"end":{"line":76,"column":16}},"76":{"start":{"line":77,"column":0},"end":{"line":77,"column":9}},"77":{"start":{"line":78,"column":0},"end":{"line":78,"column":0}},"78":{"start":{"line":79,"column":0},"end":{"line":79,"column":24}},"79":{"start":{"line":80,"column":0},"end":{"line":80,"column":6}},"80":{"start":{"line":81,"column":0},"end":{"line":81,"column":4}},"81":{"start":{"line":82,"column":0},"end":{"line":82,"column":1}},"82":{"start":{"line":83,"column":0},"end":{"line":83,"column":0}},"83":{"start":{"line":84,"column":0},"end":{"line":84,"column":3}},"84":{"start":{"line":85,"column":0},"end":{"line":85,"column":51}},"85":{"start":{"line":86,"column":0},"end":{"line":86,"column":3}},"86":{"start":{"line":87,"column":0},"end":{"line":87,"column":81}},"87":{"start":{"line":88,"column":0},"end":{"line":88,"column":10}},"88":{"start":{"line":89,"column":0},"end":{"line":89,"column":55}},"89":{"start":{"line":90,"column":0},"end":{"line":90,"column":51}},"90":{"start":{"line":91,"column":0},"end":{"line":91,"column":28}},"91":{"start":{"line":92,"column":0},"end":{"line":92,"column":6}},"92":{"start":{"line":93,"column":0},"end":{"line":93,"column":0}},"93":{"start":{"line":94,"column":0},"end":{"line":94,"column":18}},"94":{"start":{"line":95,"column":0},"end":{"line":95,"column":52}},"95":{"start":{"line":96,"column":0},"end":{"line":96,"column":31}},"96":{"start":{"line":97,"column":0},"end":{"line":97,"column":19}},"97":{"start":{"line":98,"column":0},"end":{"line":98,"column":42}},"98":{"start":{"line":99,"column":0},"end":{"line":99,"column":0}},"99":{"start":{"line":100,"column":0},"end":{"line":100,"column":49}},"100":{"start":{"line":101,"column":0},"end":{"line":101,"column":24}},"101":{"start":{"line":102,"column":0},"end":{"line":102,"column":16}},"102":{"start":{"line":103,"column":0},"end":{"line":103,"column":9}},"103":{"start":{"line":104,"column":0},"end":{"line":104,"column":0}},"104":{"start":{"line":105,"column":0},"end":{"line":105,"column":24}},"105":{"start":{"line":106,"column":0},"end":{"line":106,"column":6}},"106":{"start":{"line":107,"column":0},"end":{"line":107,"column":4}},"107":{"start":{"line":108,"column":0},"end":{"line":108,"column":1}},"108":{"start":{"line":109,"column":0},"end":{"line":109,"column":0}},"109":{"start":{"line":110,"column":0},"end":{"line":110,"column":3}},"110":{"start":{"line":111,"column":0},"end":{"line":111,"column":53}},"111":{"start":{"line":112,"column":0},"end":{"line":112,"column":3}},"112":{"start":{"line":113,"column":0},"end":{"line":113,"column":85}},"113":{"start":{"line":114,"column":0},"end":{"line":114,"column":10}},"114":{"start":{"line":115,"column":0},"end":{"line":115,"column":55}},"115":{"start":{"line":116,"column":0},"end":{"line":116,"column":47}},"116":{"start":{"line":117,"column":0},"end":{"line":117,"column":26}},"117":{"start":{"line":118,"column":0},"end":{"line":118,"column":6}},"118":{"start":{"line":119,"column":0},"end":{"line":119,"column":0}},"119":{"start":{"line":120,"column":0},"end":{"line":120,"column":18}},"120":{"start":{"line":121,"column":0},"end":{"line":121,"column":52}},"121":{"start":{"line":122,"column":0},"end":{"line":122,"column":31}},"122":{"start":{"line":123,"column":0},"end":{"line":123,"column":21}},"123":{"start":{"line":124,"column":0},"end":{"line":124,"column":42}},"124":{"start":{"line":125,"column":0},"end":{"line":125,"column":0}},"125":{"start":{"line":126,"column":0},"end":{"line":126,"column":51}},"126":{"start":{"line":127,"column":0},"end":{"line":127,"column":24}},"127":{"start":{"line":128,"column":0},"end":{"line":128,"column":16}},"128":{"start":{"line":129,"column":0},"end":{"line":129,"column":9}},"129":{"start":{"line":130,"column":0},"end":{"line":130,"column":0}},"130":{"start":{"line":131,"column":0},"end":{"line":131,"column":24}},"131":{"start":{"line":132,"column":0},"end":{"line":132,"column":6}},"132":{"start":{"line":133,"column":0},"end":{"line":133,"column":4}},"133":{"start":{"line":134,"column":0},"end":{"line":134,"column":1}},"134":{"start":{"line":135,"column":0},"end":{"line":135,"column":0}},"135":{"start":{"line":136,"column":0},"end":{"line":136,"column":40}},"136":{"start":{"line":137,"column":0},"end":{"line":137,"column":0}},"137":{"start":{"line":138,"column":0},"end":{"line":138,"column":3}},"138":{"start":{"line":139,"column":0},"end":{"line":139,"column":40}},"139":{"start":{"line":140,"column":0},"end":{"line":140,"column":3}},"140":{"start":{"line":141,"column":0},"end":{"line":141,"column":33}},"141":{"start":{"line":142,"column":0},"end":{"line":142,"column":5}},"142":{"start":{"line":143,"column":0},"end":{"line":143,"column":20}},"143":{"start":{"line":144,"column":0},"end":{"line":144,"column":14}},"144":{"start":{"line":145,"column":0},"end":{"line":145,"column":5}},"145":{"start":{"line":146,"column":0},"end":{"line":146,"column":5}},"146":{"start":{"line":147,"column":0},"end":{"line":147,"column":21}},"147":{"start":{"line":148,"column":0},"end":{"line":148,"column":20}},"148":{"start":{"line":149,"column":0},"end":{"line":149,"column":6}},"149":{"start":{"line":150,"column":0},"end":{"line":150,"column":0}},"150":{"start":{"line":151,"column":0},"end":{"line":151,"column":3}},"151":{"start":{"line":152,"column":0},"end":{"line":152,"column":49}},"152":{"start":{"line":153,"column":0},"end":{"line":153,"column":52}},"153":{"start":{"line":154,"column":0},"end":{"line":154,"column":32}},"154":{"start":{"line":155,"column":0},"end":{"line":155,"column":3}},"155":{"start":{"line":156,"column":0},"end":{"line":156,"column":38}},"156":{"start":{"line":157,"column":0},"end":{"line":157,"column":58}},"157":{"start":{"line":158,"column":0},"end":{"line":158,"column":11}},"158":{"start":{"line":159,"column":0},"end":{"line":159,"column":26}},"159":{"start":{"line":160,"column":0},"end":{"line":160,"column":7}},"160":{"start":{"line":161,"column":0},"end":{"line":161,"column":27}},"161":{"start":{"line":162,"column":0},"end":{"line":162,"column":0}},"162":{"start":{"line":163,"column":0},"end":{"line":163,"column":19}},"163":{"start":{"line":164,"column":0},"end":{"line":164,"column":18}},"164":{"start":{"line":165,"column":0},"end":{"line":165,"column":54}},"165":{"start":{"line":166,"column":0},"end":{"line":166,"column":14}},"166":{"start":{"line":167,"column":0},"end":{"line":167,"column":20}},"167":{"start":{"line":168,"column":0},"end":{"line":168,"column":49}},"168":{"start":{"line":169,"column":0},"end":{"line":169,"column":14}},"169":{"start":{"line":170,"column":0},"end":{"line":170,"column":24}},"170":{"start":{"line":171,"column":0},"end":{"line":171,"column":53}},"171":{"start":{"line":172,"column":0},"end":{"line":172,"column":14}},"172":{"start":{"line":173,"column":0},"end":{"line":173,"column":26}},"173":{"start":{"line":174,"column":0},"end":{"line":174,"column":55}},"174":{"start":{"line":175,"column":0},"end":{"line":175,"column":14}},"175":{"start":{"line":176,"column":0},"end":{"line":176,"column":14}},"176":{"start":{"line":177,"column":0},"end":{"line":177,"column":66}},"177":{"start":{"line":178,"column":0},"end":{"line":178,"column":5}},"178":{"start":{"line":179,"column":0},"end":{"line":179,"column":0}},"179":{"start":{"line":180,"column":0},"end":{"line":180,"column":50}},"180":{"start":{"line":181,"column":0},"end":{"line":181,"column":24}},"181":{"start":{"line":182,"column":0},"end":{"line":182,"column":12}},"182":{"start":{"line":183,"column":0},"end":{"line":183,"column":21}},"183":{"start":{"line":184,"column":0},"end":{"line":184,"column":62}},"184":{"start":{"line":185,"column":0},"end":{"line":185,"column":6}},"185":{"start":{"line":186,"column":0},"end":{"line":186,"column":3}},"186":{"start":{"line":187,"column":0},"end":{"line":187,"column":1}},"187":{"start":{"line":188,"column":0},"end":{"line":188,"column":0}},"188":{"start":{"line":189,"column":0},"end":{"line":189,"column":33}},"189":{"start":{"line":190,"column":0},"end":{"line":190,"column":0}},"190":{"start":{"line":191,"column":0},"end":{"line":191,"column":3}},"191":{"start":{"line":192,"column":0},"end":{"line":192,"column":26}},"192":{"start":{"line":193,"column":0},"end":{"line":193,"column":3}},"193":{"start":{"line":194,"column":0},"end":{"line":194,"column":34}},"194":{"start":{"line":195,"column":0},"end":{"line":195,"column":21}},"195":{"start":{"line":196,"column":0},"end":{"line":196,"column":25}},"196":{"start":{"line":197,"column":0},"end":{"line":197,"column":22}},"197":{"start":{"line":198,"column":0},"end":{"line":198,"column":1}},"198":{"start":{"line":199,"column":0},"end":{"line":199,"column":0}},"199":{"start":{"line":200,"column":0},"end":{"line":200,"column":3}},"200":{"start":{"line":201,"column":0},"end":{"line":201,"column":36}},"201":{"start":{"line":202,"column":0},"end":{"line":202,"column":33}},"202":{"start":{"line":203,"column":0},"end":{"line":203,"column":41}},"203":{"start":{"line":204,"column":0},"end":{"line":204,"column":3}},"204":{"start":{"line":205,"column":0},"end":{"line":205,"column":34}},"205":{"start":{"line":206,"column":0},"end":{"line":206,"column":35}},"206":{"start":{"line":207,"column":0},"end":{"line":207,"column":31}},"207":{"start":{"line":208,"column":0},"end":{"line":208,"column":11}},"208":{"start":{"line":209,"column":0},"end":{"line":209,"column":39}},"209":{"start":{"line":210,"column":0},"end":{"line":210,"column":24}},"210":{"start":{"line":211,"column":0},"end":{"line":211,"column":0}},"211":{"start":{"line":212,"column":0},"end":{"line":212,"column":9}},"212":{"start":{"line":213,"column":0},"end":{"line":213,"column":21}},"213":{"start":{"line":214,"column":0},"end":{"line":214,"column":64}},"214":{"start":{"line":215,"column":0},"end":{"line":215,"column":22}},"215":{"start":{"line":216,"column":0},"end":{"line":216,"column":14}},"216":{"start":{"line":217,"column":0},"end":{"line":217,"column":0}},"217":{"start":{"line":218,"column":0},"end":{"line":218,"column":24}},"218":{"start":{"line":219,"column":0},"end":{"line":219,"column":0}},"219":{"start":{"line":220,"column":0},"end":{"line":220,"column":24}},"220":{"start":{"line":221,"column":0},"end":{"line":221,"column":37}},"221":{"start":{"line":222,"column":0},"end":{"line":222,"column":50}},"222":{"start":{"line":223,"column":0},"end":{"line":223,"column":3}},"223":{"start":{"line":224,"column":0},"end":{"line":224,"column":0}},"224":{"start":{"line":225,"column":0},"end":{"line":225,"column":22}},"225":{"start":{"line":226,"column":0},"end":{"line":226,"column":18}},"226":{"start":{"line":227,"column":0},"end":{"line":227,"column":35}},"227":{"start":{"line":228,"column":0},"end":{"line":228,"column":50}},"228":{"start":{"line":229,"column":0},"end":{"line":229,"column":10}},"229":{"start":{"line":230,"column":0},"end":{"line":230,"column":64}},"230":{"start":{"line":231,"column":0},"end":{"line":231,"column":47}},"231":{"start":{"line":232,"column":0},"end":{"line":232,"column":32}},"232":{"start":{"line":233,"column":0},"end":{"line":233,"column":45}},"233":{"start":{"line":234,"column":0},"end":{"line":234,"column":25}},"234":{"start":{"line":235,"column":0},"end":{"line":235,"column":7}},"235":{"start":{"line":236,"column":0},"end":{"line":236,"column":3}},"236":{"start":{"line":237,"column":0},"end":{"line":237,"column":0}},"237":{"start":{"line":238,"column":0},"end":{"line":238,"column":19}},"238":{"start":{"line":239,"column":0},"end":{"line":239,"column":1}},"239":{"start":{"line":240,"column":0},"end":{"line":240,"column":0}},"240":{"start":{"line":241,"column":0},"end":{"line":241,"column":34}},"241":{"start":{"line":242,"column":0},"end":{"line":242,"column":0}},"242":{"start":{"line":243,"column":0},"end":{"line":243,"column":3}},"243":{"start":{"line":244,"column":0},"end":{"line":244,"column":33}},"244":{"start":{"line":245,"column":0},"end":{"line":245,"column":56}},"245":{"start":{"line":246,"column":0},"end":{"line":246,"column":3}},"246":{"start":{"line":247,"column":0},"end":{"line":247,"column":54}},"247":{"start":{"line":248,"column":0},"end":{"line":248,"column":40}},"248":{"start":{"line":249,"column":0},"end":{"line":249,"column":34}},"249":{"start":{"line":250,"column":0},"end":{"line":250,"column":1}},"250":{"start":{"line":251,"column":0},"end":{"line":251,"column":0}},"251":{"start":{"line":252,"column":0},"end":{"line":252,"column":37}},"252":{"start":{"line":253,"column":0},"end":{"line":253,"column":0}},"253":{"start":{"line":254,"column":0},"end":{"line":254,"column":3}},"254":{"start":{"line":255,"column":0},"end":{"line":255,"column":52}},"255":{"start":{"line":256,"column":0},"end":{"line":256,"column":33}},"256":{"start":{"line":257,"column":0},"end":{"line":257,"column":45}},"257":{"start":{"line":258,"column":0},"end":{"line":258,"column":3}},"258":{"start":{"line":259,"column":0},"end":{"line":259,"column":35}},"259":{"start":{"line":260,"column":0},"end":{"line":260,"column":73}},"260":{"start":{"line":261,"column":0},"end":{"line":261,"column":69}},"261":{"start":{"line":262,"column":0},"end":{"line":262,"column":11}},"262":{"start":{"line":263,"column":0},"end":{"line":263,"column":17}},"263":{"start":{"line":264,"column":0},"end":{"line":264,"column":24}},"264":{"start":{"line":265,"column":0},"end":{"line":265,"column":49}},"265":{"start":{"line":266,"column":0},"end":{"line":266,"column":71}},"266":{"start":{"line":267,"column":0},"end":{"line":267,"column":7}},"267":{"start":{"line":268,"column":0},"end":{"line":268,"column":51}},"268":{"start":{"line":269,"column":0},"end":{"line":269,"column":0}},"269":{"start":{"line":270,"column":0},"end":{"line":270,"column":22}},"270":{"start":{"line":271,"column":0},"end":{"line":271,"column":49}},"271":{"start":{"line":272,"column":0},"end":{"line":272,"column":69}},"272":{"start":{"line":273,"column":0},"end":{"line":273,"column":7}},"273":{"start":{"line":274,"column":0},"end":{"line":274,"column":35}},"274":{"start":{"line":275,"column":0},"end":{"line":275,"column":64}},"275":{"start":{"line":276,"column":0},"end":{"line":276,"column":0}},"276":{"start":{"line":277,"column":0},"end":{"line":277,"column":12}},"277":{"start":{"line":278,"column":0},"end":{"line":278,"column":54}},"278":{"start":{"line":279,"column":0},"end":{"line":279,"column":32}},"279":{"start":{"line":280,"column":0},"end":{"line":280,"column":3}},"280":{"start":{"line":281,"column":0},"end":{"line":281,"column":1}},"281":{"start":{"line":282,"column":0},"end":{"line":282,"column":0}},"282":{"start":{"line":283,"column":0},"end":{"line":283,"column":3}},"283":{"start":{"line":284,"column":0},"end":{"line":284,"column":35}},"284":{"start":{"line":285,"column":0},"end":{"line":285,"column":3}},"285":{"start":{"line":286,"column":0},"end":{"line":286,"column":37}},"286":{"start":{"line":287,"column":0},"end":{"line":287,"column":15}},"287":{"start":{"line":288,"column":0},"end":{"line":288,"column":69}},"288":{"start":{"line":289,"column":0},"end":{"line":289,"column":18}},"289":{"start":{"line":290,"column":0},"end":{"line":290,"column":32}},"290":{"start":{"line":291,"column":0},"end":{"line":291,"column":69}},"291":{"start":{"line":292,"column":0},"end":{"line":292,"column":3}},"292":{"start":{"line":293,"column":0},"end":{"line":293,"column":16}},"293":{"start":{"line":294,"column":0},"end":{"line":294,"column":1}},"294":{"start":{"line":295,"column":0},"end":{"line":295,"column":0}},"295":{"start":{"line":296,"column":0},"end":{"line":296,"column":40}},"296":{"start":{"line":297,"column":0},"end":{"line":297,"column":0}},"297":{"start":{"line":298,"column":0},"end":{"line":298,"column":3}},"298":{"start":{"line":299,"column":0},"end":{"line":299,"column":44}},"299":{"start":{"line":300,"column":0},"end":{"line":300,"column":3}},"300":{"start":{"line":301,"column":0},"end":{"line":301,"column":33}},"301":{"start":{"line":302,"column":0},"end":{"line":302,"column":17}},"302":{"start":{"line":303,"column":0},"end":{"line":303,"column":21}},"303":{"start":{"line":304,"column":0},"end":{"line":304,"column":29}},"304":{"start":{"line":305,"column":0},"end":{"line":305,"column":32}},"305":{"start":{"line":306,"column":0},"end":{"line":306,"column":25}},"306":{"start":{"line":307,"column":0},"end":{"line":307,"column":0}},"307":{"start":{"line":308,"column":0},"end":{"line":308,"column":34}},"308":{"start":{"line":309,"column":0},"end":{"line":309,"column":76}},"309":{"start":{"line":310,"column":0},"end":{"line":310,"column":72}},"310":{"start":{"line":311,"column":0},"end":{"line":311,"column":72}},"311":{"start":{"line":312,"column":0},"end":{"line":312,"column":76}},"312":{"start":{"line":313,"column":0},"end":{"line":313,"column":11}},"313":{"start":{"line":314,"column":0},"end":{"line":314,"column":0}},"314":{"start":{"line":315,"column":0},"end":{"line":315,"column":39}},"315":{"start":{"line":316,"column":0},"end":{"line":316,"column":0}},"316":{"start":{"line":317,"column":0},"end":{"line":317,"column":3}},"317":{"start":{"line":318,"column":0},"end":{"line":318,"column":27}},"318":{"start":{"line":319,"column":0},"end":{"line":319,"column":3}},"319":{"start":{"line":320,"column":0},"end":{"line":320,"column":31}},"320":{"start":{"line":321,"column":0},"end":{"line":321,"column":23}},"321":{"start":{"line":322,"column":0},"end":{"line":322,"column":15}},"322":{"start":{"line":323,"column":0},"end":{"line":323,"column":20}},"323":{"start":{"line":324,"column":0},"end":{"line":324,"column":22}},"324":{"start":{"line":325,"column":0},"end":{"line":325,"column":23}},"325":{"start":{"line":326,"column":0},"end":{"line":326,"column":18}},"326":{"start":{"line":327,"column":0},"end":{"line":327,"column":0}},"327":{"start":{"line":328,"column":0},"end":{"line":328,"column":3}},"328":{"start":{"line":329,"column":0},"end":{"line":329,"column":56}},"329":{"start":{"line":330,"column":0},"end":{"line":330,"column":42}},"330":{"start":{"line":331,"column":0},"end":{"line":331,"column":3}},"331":{"start":{"line":332,"column":0},"end":{"line":332,"column":79}},"332":{"start":{"line":333,"column":0},"end":{"line":333,"column":55}},"333":{"start":{"line":334,"column":0},"end":{"line":334,"column":24}},"334":{"start":{"line":335,"column":0},"end":{"line":335,"column":71}},"335":{"start":{"line":336,"column":0},"end":{"line":336,"column":53}},"336":{"start":{"line":337,"column":0},"end":{"line":337,"column":49}},"337":{"start":{"line":338,"column":0},"end":{"line":338,"column":63}},"338":{"start":{"line":339,"column":0},"end":{"line":339,"column":24}},"339":{"start":{"line":340,"column":0},"end":{"line":340,"column":62}},"340":{"start":{"line":341,"column":0},"end":{"line":341,"column":16}},"341":{"start":{"line":342,"column":0},"end":{"line":342,"column":82}},"342":{"start":{"line":343,"column":0},"end":{"line":343,"column":4}},"343":{"start":{"line":344,"column":0},"end":{"line":344,"column":0}},"344":{"start":{"line":345,"column":0},"end":{"line":345,"column":72}},"345":{"start":{"line":346,"column":0},"end":{"line":346,"column":1}},"346":{"start":{"line":347,"column":0},"end":{"line":347,"column":0}},"347":{"start":{"line":348,"column":0},"end":{"line":348,"column":3}},"348":{"start":{"line":349,"column":0},"end":{"line":349,"column":43}},"349":{"start":{"line":350,"column":0},"end":{"line":350,"column":45}},"350":{"start":{"line":351,"column":0},"end":{"line":351,"column":3}},"351":{"start":{"line":352,"column":0},"end":{"line":352,"column":50}},"352":{"start":{"line":353,"column":0},"end":{"line":353,"column":29}},"353":{"start":{"line":354,"column":0},"end":{"line":354,"column":76}},"354":{"start":{"line":355,"column":0},"end":{"line":355,"column":7}},"355":{"start":{"line":356,"column":0},"end":{"line":356,"column":35}},"356":{"start":{"line":357,"column":0},"end":{"line":357,"column":35}},"357":{"start":{"line":358,"column":0},"end":{"line":358,"column":24}},"358":{"start":{"line":359,"column":0},"end":{"line":359,"column":46}},"359":{"start":{"line":360,"column":0},"end":{"line":360,"column":0}},"360":{"start":{"line":361,"column":0},"end":{"line":361,"column":54}},"361":{"start":{"line":362,"column":0},"end":{"line":362,"column":55}},"362":{"start":{"line":363,"column":0},"end":{"line":363,"column":0}},"363":{"start":{"line":364,"column":0},"end":{"line":364,"column":46}},"364":{"start":{"line":365,"column":0},"end":{"line":365,"column":3}},"365":{"start":{"line":366,"column":0},"end":{"line":366,"column":1}},"366":{"start":{"line":367,"column":0},"end":{"line":367,"column":0}},"367":{"start":{"line":368,"column":0},"end":{"line":368,"column":41}},"368":{"start":{"line":369,"column":0},"end":{"line":369,"column":0}},"369":{"start":{"line":370,"column":0},"end":{"line":370,"column":3}},"370":{"start":{"line":371,"column":0},"end":{"line":371,"column":40}},"371":{"start":{"line":372,"column":0},"end":{"line":372,"column":3}},"372":{"start":{"line":373,"column":0},"end":{"line":373,"column":41}},"373":{"start":{"line":374,"column":0},"end":{"line":374,"column":0}},"374":{"start":{"line":375,"column":0},"end":{"line":375,"column":3}},"375":{"start":{"line":376,"column":0},"end":{"line":376,"column":57}},"376":{"start":{"line":377,"column":0},"end":{"line":377,"column":33}},"377":{"start":{"line":378,"column":0},"end":{"line":378,"column":37}},"378":{"start":{"line":379,"column":0},"end":{"line":379,"column":3}},"379":{"start":{"line":380,"column":0},"end":{"line":380,"column":30}},"380":{"start":{"line":381,"column":0},"end":{"line":381,"column":13}},"381":{"start":{"line":382,"column":0},"end":{"line":382,"column":43}},"382":{"start":{"line":383,"column":0},"end":{"line":383,"column":10}},"383":{"start":{"line":384,"column":0},"end":{"line":384,"column":27}},"384":{"start":{"line":385,"column":0},"end":{"line":385,"column":0}},"385":{"start":{"line":386,"column":0},"end":{"line":386,"column":53}},"386":{"start":{"line":387,"column":0},"end":{"line":387,"column":47}},"387":{"start":{"line":388,"column":0},"end":{"line":388,"column":3}},"388":{"start":{"line":389,"column":0},"end":{"line":389,"column":0}},"389":{"start":{"line":390,"column":0},"end":{"line":390,"column":16}},"390":{"start":{"line":391,"column":0},"end":{"line":391,"column":1}},"391":{"start":{"line":392,"column":0},"end":{"line":392,"column":0}},"392":{"start":{"line":393,"column":0},"end":{"line":393,"column":3}},"393":{"start":{"line":394,"column":0},"end":{"line":394,"column":30}},"394":{"start":{"line":395,"column":0},"end":{"line":395,"column":41}},"395":{"start":{"line":396,"column":0},"end":{"line":396,"column":3}},"396":{"start":{"line":397,"column":0},"end":{"line":397,"column":69}},"397":{"start":{"line":398,"column":0},"end":{"line":398,"column":77}},"398":{"start":{"line":399,"column":0},"end":{"line":399,"column":1}},"399":{"start":{"line":400,"column":0},"end":{"line":400,"column":0}},"400":{"start":{"line":401,"column":0},"end":{"line":401,"column":26}},"401":{"start":{"line":402,"column":0},"end":{"line":402,"column":0}},"402":{"start":{"line":403,"column":0},"end":{"line":403,"column":3}},"403":{"start":{"line":404,"column":0},"end":{"line":404,"column":49}},"404":{"start":{"line":405,"column":0},"end":{"line":405,"column":3}},"405":{"start":{"line":406,"column":0},"end":{"line":406,"column":61}},"406":{"start":{"line":407,"column":0},"end":{"line":407,"column":7}},"407":{"start":{"line":408,"column":0},"end":{"line":408,"column":33}},"408":{"start":{"line":409,"column":0},"end":{"line":409,"column":16}},"409":{"start":{"line":410,"column":0},"end":{"line":410,"column":11}},"410":{"start":{"line":411,"column":0},"end":{"line":411,"column":17}},"411":{"start":{"line":412,"column":0},"end":{"line":412,"column":3}},"412":{"start":{"line":413,"column":0},"end":{"line":413,"column":1}},"413":{"start":{"line":414,"column":0},"end":{"line":414,"column":0}},"414":{"start":{"line":415,"column":0},"end":{"line":415,"column":3}},"415":{"start":{"line":416,"column":0},"end":{"line":416,"column":44}},"416":{"start":{"line":417,"column":0},"end":{"line":417,"column":3}},"417":{"start":{"line":418,"column":0},"end":{"line":418,"column":51}},"418":{"start":{"line":419,"column":0},"end":{"line":419,"column":7}},"419":{"start":{"line":420,"column":0},"end":{"line":420,"column":28}},"420":{"start":{"line":421,"column":0},"end":{"line":421,"column":16}},"421":{"start":{"line":422,"column":0},"end":{"line":422,"column":11}},"422":{"start":{"line":423,"column":0},"end":{"line":423,"column":17}},"423":{"start":{"line":424,"column":0},"end":{"line":424,"column":3}},"424":{"start":{"line":425,"column":0},"end":{"line":425,"column":1}},"425":{"start":{"line":426,"column":0},"end":{"line":426,"column":0}},"426":{"start":{"line":427,"column":0},"end":{"line":427,"column":3}},"427":{"start":{"line":428,"column":0},"end":{"line":428,"column":49}},"428":{"start":{"line":429,"column":0},"end":{"line":429,"column":3}},"429":{"start":{"line":430,"column":0},"end":{"line":430,"column":59}},"430":{"start":{"line":431,"column":0},"end":{"line":431,"column":7}},"431":{"start":{"line":432,"column":0},"end":{"line":432,"column":32}},"432":{"start":{"line":433,"column":0},"end":{"line":433,"column":16}},"433":{"start":{"line":434,"column":0},"end":{"line":434,"column":11}},"434":{"start":{"line":435,"column":0},"end":{"line":435,"column":17}},"435":{"start":{"line":436,"column":0},"end":{"line":436,"column":3}},"436":{"start":{"line":437,"column":0},"end":{"line":437,"column":1}},"437":{"start":{"line":438,"column":0},"end":{"line":438,"column":0}},"438":{"start":{"line":439,"column":0},"end":{"line":439,"column":3}},"439":{"start":{"line":440,"column":0},"end":{"line":440,"column":50}},"440":{"start":{"line":441,"column":0},"end":{"line":441,"column":3}},"441":{"start":{"line":442,"column":0},"end":{"line":442,"column":63}},"442":{"start":{"line":443,"column":0},"end":{"line":443,"column":7}},"443":{"start":{"line":444,"column":0},"end":{"line":444,"column":34}},"444":{"start":{"line":445,"column":0},"end":{"line":445,"column":16}},"445":{"start":{"line":446,"column":0},"end":{"line":446,"column":11}},"446":{"start":{"line":447,"column":0},"end":{"line":447,"column":17}},"447":{"start":{"line":448,"column":0},"end":{"line":448,"column":3}},"448":{"start":{"line":449,"column":0},"end":{"line":449,"column":1}},"449":{"start":{"line":450,"column":0},"end":{"line":450,"column":0}},"450":{"start":{"line":451,"column":0},"end":{"line":451,"column":39}},"451":{"start":{"line":452,"column":0},"end":{"line":452,"column":0}},"452":{"start":{"line":453,"column":0},"end":{"line":453,"column":3}},"453":{"start":{"line":454,"column":0},"end":{"line":454,"column":39}},"454":{"start":{"line":455,"column":0},"end":{"line":455,"column":74}},"455":{"start":{"line":456,"column":0},"end":{"line":456,"column":3}},"456":{"start":{"line":457,"column":0},"end":{"line":457,"column":28}},"457":{"start":{"line":458,"column":0},"end":{"line":458,"column":14}},"458":{"start":{"line":459,"column":0},"end":{"line":459,"column":12}},"459":{"start":{"line":460,"column":0},"end":{"line":460,"column":32}},"460":{"start":{"line":461,"column":0},"end":{"line":461,"column":30}},"461":{"start":{"line":462,"column":0},"end":{"line":462,"column":23}},"462":{"start":{"line":463,"column":0},"end":{"line":463,"column":8}},"463":{"start":{"line":464,"column":0},"end":{"line":464,"column":41}},"464":{"start":{"line":465,"column":0},"end":{"line":465,"column":9}},"465":{"start":{"line":466,"column":0},"end":{"line":466,"column":43}},"466":{"start":{"line":467,"column":0},"end":{"line":467,"column":24}},"467":{"start":{"line":468,"column":0},"end":{"line":468,"column":21}},"468":{"start":{"line":469,"column":0},"end":{"line":469,"column":14}},"469":{"start":{"line":470,"column":0},"end":{"line":470,"column":0}},"470":{"start":{"line":471,"column":0},"end":{"line":471,"column":26}},"471":{"start":{"line":472,"column":0},"end":{"line":472,"column":31}},"472":{"start":{"line":473,"column":0},"end":{"line":473,"column":76}},"473":{"start":{"line":474,"column":0},"end":{"line":474,"column":3}},"474":{"start":{"line":475,"column":0},"end":{"line":475,"column":0}},"475":{"start":{"line":476,"column":0},"end":{"line":476,"column":7}},"476":{"start":{"line":477,"column":0},"end":{"line":477,"column":32}},"477":{"start":{"line":478,"column":0},"end":{"line":478,"column":0}},"478":{"start":{"line":479,"column":0},"end":{"line":479,"column":29}},"479":{"start":{"line":480,"column":0},"end":{"line":480,"column":54}},"480":{"start":{"line":481,"column":0},"end":{"line":481,"column":14}},"481":{"start":{"line":482,"column":0},"end":{"line":482,"column":23}},"482":{"start":{"line":483,"column":0},"end":{"line":483,"column":60}},"483":{"start":{"line":484,"column":0},"end":{"line":484,"column":8}},"484":{"start":{"line":485,"column":0},"end":{"line":485,"column":5}},"485":{"start":{"line":486,"column":0},"end":{"line":486,"column":0}},"486":{"start":{"line":487,"column":0},"end":{"line":487,"column":39}},"487":{"start":{"line":488,"column":0},"end":{"line":488,"column":8}},"488":{"start":{"line":489,"column":0},"end":{"line":489,"column":34}},"489":{"start":{"line":490,"column":0},"end":{"line":490,"column":47}},"490":{"start":{"line":491,"column":0},"end":{"line":491,"column":7}},"491":{"start":{"line":492,"column":0},"end":{"line":492,"column":14}},"492":{"start":{"line":493,"column":0},"end":{"line":493,"column":23}},"493":{"start":{"line":494,"column":0},"end":{"line":494,"column":58}},"494":{"start":{"line":495,"column":0},"end":{"line":495,"column":8}},"495":{"start":{"line":496,"column":0},"end":{"line":496,"column":5}},"496":{"start":{"line":497,"column":0},"end":{"line":497,"column":0}},"497":{"start":{"line":498,"column":0},"end":{"line":498,"column":45}},"498":{"start":{"line":499,"column":0},"end":{"line":499,"column":74}},"499":{"start":{"line":500,"column":0},"end":{"line":500,"column":71}},"500":{"start":{"line":501,"column":0},"end":{"line":501,"column":5}},"501":{"start":{"line":502,"column":0},"end":{"line":502,"column":0}},"502":{"start":{"line":503,"column":0},"end":{"line":503,"column":29}},"503":{"start":{"line":504,"column":0},"end":{"line":504,"column":19}},"504":{"start":{"line":505,"column":0},"end":{"line":505,"column":54}},"505":{"start":{"line":506,"column":0},"end":{"line":506,"column":3}},"506":{"start":{"line":507,"column":0},"end":{"line":507,"column":1}}},"s":{"0":1,"1":1,"2":1,"3":1,"4":1,"5":1,"6":1,"7":1,"8":1,"9":1,"10":1,"11":1,"12":1,"13":1,"14":1,"15":1,"16":1,"17":1,"18":1,"19":1,"20":1,"21":1,"22":1,"23":1,"24":1,"25":1,"26":1,"27":1,"28":1,"29":1,"30":1,"31":1,"32":1,"33":3,"34":3,"35":1,"36":1,"37":1,"38":1,"39":3,"40":3,"41":2,"42":2,"43":2,"44":2,"45":2,"46":2,"47":2,"48":2,"49":2,"50":2,"51":2,"52":2,"53":2,"54":3,"55":3,"56":1,"57":1,"58":1,"59":1,"60":1,"61":1,"62":1,"63":0,"64":0,"65":0,"66":1,"67":1,"68":1,"69":1,"70":1,"71":1,"72":1,"73":1,"74":1,"75":1,"76":1,"77":1,"78":1,"79":1,"80":1,"81":1,"82":1,"83":1,"84":1,"85":1,"86":1,"87":0,"88":0,"89":0,"90":0,"91":0,"92":0,"93":0,"94":0,"95":0,"96":0,"97":0,"98":0,"99":0,"100":0,"101":0,"102":0,"103":0,"104":0,"105":0,"106":0,"107":0,"108":1,"109":1,"110":1,"111":1,"112":1,"113":1,"114":1,"115":0,"116":0,"117":0,"118":1,"119":1,"120":1,"121":1,"122":1,"123":1,"124":1,"125":1,"126":1,"127":1,"128":1,"129":1,"130":1,"131":1,"132":1,"133":1,"134":1,"135":1,"136":1,"137":1,"138":1,"139":1,"140":1,"141":1,"142":1,"143":1,"144":1,"145":1,"146":1,"147":1,"148":1,"149":1,"150":1,"151":1,"152":1,"153":1,"154":1,"155":1,"156":3,"157":3,"158":3,"159":3,"160":3,"161":3,"162":3,"163":3,"164":2,"165":2,"166":3,"167":1,"168":1,"169":3,"170":0,"171":0,"172":3,"173":0,"174":0,"175":3,"176":0,"177":3,"178":2,"179":2,"180":3,"181":1,"182":1,"183":1,"184":1,"185":1,"186":3,"187":1,"188":1,"189":1,"190":1,"191":1,"192":1,"193":1,"194":1,"195":1,"196":1,"197":1,"198":1,"199":1,"200":1,"201":1,"202":1,"203":1,"204":1,"205":6,"206":6,"207":6,"208":6,"209":6,"210":3,"211":3,"212":3,"213":3,"214":3,"215":3,"216":3,"217":3,"218":3,"219":3,"220":6,"221":1,"222":1,"223":3,"224":3,"225":6,"226":0,"227":0,"228":6,"229":3,"230":3,"231":3,"232":3,"233":3,"234":3,"235":3,"236":3,"237":3,"238":3,"239":1,"240":1,"241":1,"242":1,"243":1,"244":1,"245":1,"246":1,"247":3,"248":3,"249":3,"250":1,"251":1,"252":1,"253":1,"254":1,"255":1,"256":1,"257":1,"258":1,"259":4,"260":4,"261":4,"262":4,"263":4,"264":1,"265":0,"266":0,"267":1,"268":4,"269":4,"270":1,"271":0,"272":0,"273":1,"274":1,"275":4,"276":4,"277":2,"278":2,"279":4,"280":0,"281":1,"282":1,"283":1,"284":1,"285":2,"286":2,"287":2,"288":2,"289":2,"290":40,"291":40,"292":2,"293":2,"294":1,"295":1,"296":1,"297":1,"298":1,"299":1,"300":1,"301":1,"302":1,"303":1,"304":1,"305":1,"306":1,"307":1,"308":1,"309":1,"310":1,"311":1,"312":1,"313":1,"314":1,"315":1,"316":1,"317":1,"318":1,"319":1,"320":1,"321":1,"322":1,"323":1,"324":1,"325":1,"326":1,"327":1,"328":1,"329":1,"330":1,"331":1,"332":0,"333":0,"334":0,"335":0,"336":0,"337":0,"338":0,"339":0,"340":0,"341":0,"342":0,"343":0,"344":0,"345":0,"346":1,"347":1,"348":1,"349":1,"350":1,"351":0,"352":0,"353":0,"354":0,"355":0,"356":0,"357":0,"358":0,"359":0,"360":0,"361":0,"362":0,"363":0,"364":0,"365":0,"366":1,"367":1,"368":1,"369":1,"370":1,"371":1,"372":1,"373":1,"374":1,"375":1,"376":1,"377":1,"378":1,"379":1,"380":0,"381":0,"382":0,"383":0,"384":0,"385":0,"386":0,"387":0,"388":0,"389":0,"390":0,"391":1,"392":1,"393":1,"394":1,"395":1,"396":1,"397":0,"398":0,"399":1,"400":1,"401":1,"402":1,"403":1,"404":1,"405":1,"406":0,"407":0,"408":0,"409":0,"410":0,"411":0,"412":0,"413":1,"414":1,"415":1,"416":1,"417":1,"418":0,"419":0,"420":0,"421":0,"422":0,"423":0,"424":0,"425":1,"426":1,"427":1,"428":1,"429":1,"430":0,"431":0,"432":0,"433":0,"434":0,"435":0,"436":0,"437":1,"438":1,"439":1,"440":1,"441":1,"442":0,"443":0,"444":0,"445":0,"446":0,"447":0,"448":0,"449":1,"450":1,"451":1,"452":1,"453":1,"454":1,"455":1,"456":1,"457":13,"458":13,"459":13,"460":13,"461":13,"462":13,"463":13,"464":13,"465":13,"466":13,"467":13,"468":13,"469":13,"470":13,"471":13,"472":1,"473":1,"474":12,"475":12,"476":12,"477":12,"478":12,"479":13,"480":3,"481":3,"482":3,"483":3,"484":3,"485":5,"486":5,"487":5,"488":5,"489":2,"490":13,"491":1,"492":1,"493":1,"494":1,"495":1,"496":4,"497":4,"498":13,"499":0,"500":0,"501":4,"502":4,"503":4,"504":4,"505":4,"506":13},"branchMap":{"0":{"type":"branch","line":33,"loc":{"start":{"line":33,"column":7},"end":{"line":56,"column":1}},"locations":[{"start":{"line":33,"column":7},"end":{"line":56,"column":1}}]},"1":{"type":"branch","line":35,"loc":{"start":{"line":35,"column":4},"end":{"line":39,"column":6}},"locations":[{"start":{"line":35,"column":4},"end":{"line":39,"column":6}}]},"2":{"type":"branch","line":41,"loc":{"start":{"line":41,"column":4},"end":{"line":54,"column":6}},"locations":[{"start":{"line":41,"column":4},"end":{"line":54,"column":6}}]},"3":{"type":"branch","line":61,"loc":{"start":{"line":61,"column":7},"end":{"line":82,"column":1}},"locations":[{"start":{"line":61,"column":7},"end":{"line":82,"column":1}}]},"4":{"type":"branch","line":68,"loc":{"start":{"line":68,"column":4},"end":{"line":80,"column":6}},"locations":[{"start":{"line":68,"column":4},"end":{"line":80,"column":6}}]},"5":{"type":"branch","line":113,"loc":{"start":{"line":113,"column":7},"end":{"line":134,"column":1}},"locations":[{"start":{"line":113,"column":7},"end":{"line":134,"column":1}}]},"6":{"type":"branch","line":120,"loc":{"start":{"line":120,"column":4},"end":{"line":132,"column":6}},"locations":[{"start":{"line":120,"column":4},"end":{"line":132,"column":6}}]},"7":{"type":"branch","line":156,"loc":{"start":{"line":156,"column":7},"end":{"line":187,"column":1}},"locations":[{"start":{"line":156,"column":7},"end":{"line":187,"column":1}}]},"8":{"type":"branch","line":164,"loc":{"start":{"line":164,"column":6},"end":{"line":166,"column":14}},"locations":[{"start":{"line":164,"column":6},"end":{"line":166,"column":14}}]},"9":{"type":"branch","line":167,"loc":{"start":{"line":167,"column":6},"end":{"line":169,"column":14}},"locations":[{"start":{"line":167,"column":6},"end":{"line":169,"column":14}}]},"10":{"type":"branch","line":170,"loc":{"start":{"line":170,"column":6},"end":{"line":172,"column":14}},"locations":[{"start":{"line":170,"column":6},"end":{"line":172,"column":14}}]},"11":{"type":"branch","line":173,"loc":{"start":{"line":173,"column":6},"end":{"line":175,"column":14}},"locations":[{"start":{"line":173,"column":6},"end":{"line":175,"column":14}}]},"12":{"type":"branch","line":176,"loc":{"start":{"line":176,"column":6},"end":{"line":177,"column":66}},"locations":[{"start":{"line":176,"column":6},"end":{"line":177,"column":66}}]},"13":{"type":"branch","line":178,"loc":{"start":{"line":178,"column":4},"end":{"line":181,"column":11}},"locations":[{"start":{"line":178,"column":4},"end":{"line":181,"column":11}}]},"14":{"type":"branch","line":181,"loc":{"start":{"line":181,"column":2},"end":{"line":186,"column":3}},"locations":[{"start":{"line":181,"column":2},"end":{"line":186,"column":3}}]},"15":{"type":"branch","line":184,"loc":{"start":{"line":184,"column":19},"end":{"line":184,"column":62}},"locations":[{"start":{"line":184,"column":19},"end":{"line":184,"column":62}}]},"16":{"type":"branch","line":205,"loc":{"start":{"line":205,"column":7},"end":{"line":239,"column":1}},"locations":[{"start":{"line":205,"column":7},"end":{"line":239,"column":1}}]},"17":{"type":"branch","line":210,"loc":{"start":{"line":210,"column":14},"end":{"line":221,"column":36}},"locations":[{"start":{"line":210,"column":14},"end":{"line":221,"column":36}}]},"18":{"type":"branch","line":221,"loc":{"start":{"line":221,"column":36},"end":{"line":223,"column":3}},"locations":[{"start":{"line":221,"column":36},"end":{"line":223,"column":3}}]},"19":{"type":"branch","line":223,"loc":{"start":{"line":223,"column":2},"end":{"line":226,"column":17}},"locations":[{"start":{"line":223,"column":2},"end":{"line":226,"column":17}}]},"20":{"type":"branch","line":226,"loc":{"start":{"line":226,"column":17},"end":{"line":229,"column":9}},"locations":[{"start":{"line":226,"column":17},"end":{"line":229,"column":9}}]},"21":{"type":"branch","line":229,"loc":{"start":{"line":229,"column":2},"end":{"line":239,"column":1}},"locations":[{"start":{"line":229,"column":2},"end":{"line":239,"column":1}}]},"22":{"type":"branch","line":247,"loc":{"start":{"line":247,"column":7},"end":{"line":250,"column":1}},"locations":[{"start":{"line":247,"column":7},"end":{"line":250,"column":1}}]},"23":{"type":"branch","line":248,"loc":{"start":{"line":248,"column":21},"end":{"line":248,"column":40}},"locations":[{"start":{"line":248,"column":21},"end":{"line":248,"column":40}}]},"24":{"type":"branch","line":259,"loc":{"start":{"line":259,"column":7},"end":{"line":281,"column":1}},"locations":[{"start":{"line":259,"column":7},"end":{"line":281,"column":1}}]},"25":{"type":"branch","line":264,"loc":{"start":{"line":264,"column":4},"end":{"line":268,"column":51}},"locations":[{"start":{"line":264,"column":4},"end":{"line":268,"column":51}}]},"26":{"type":"branch","line":265,"loc":{"start":{"line":265,"column":48},"end":{"line":267,"column":7}},"locations":[{"start":{"line":265,"column":48},"end":{"line":267,"column":7}}]},"27":{"type":"branch","line":270,"loc":{"start":{"line":270,"column":4},"end":{"line":275,"column":64}},"locations":[{"start":{"line":270,"column":4},"end":{"line":275,"column":64}}]},"28":{"type":"branch","line":271,"loc":{"start":{"line":271,"column":48},"end":{"line":273,"column":7}},"locations":[{"start":{"line":271,"column":48},"end":{"line":273,"column":7}}]},"29":{"type":"branch","line":277,"loc":{"start":{"line":277,"column":4},"end":{"line":279,"column":32}},"locations":[{"start":{"line":277,"column":4},"end":{"line":279,"column":32}}]},"30":{"type":"branch","line":280,"loc":{"start":{"line":280,"column":2},"end":{"line":281,"column":1}},"locations":[{"start":{"line":280,"column":2},"end":{"line":281,"column":1}}]},"31":{"type":"branch","line":286,"loc":{"start":{"line":286,"column":0},"end":{"line":294,"column":1}},"locations":[{"start":{"line":286,"column":0},"end":{"line":294,"column":1}}]},"32":{"type":"branch","line":290,"loc":{"start":{"line":290,"column":31},"end":{"line":292,"column":3}},"locations":[{"start":{"line":290,"column":31},"end":{"line":292,"column":3}}]},"33":{"type":"branch","line":309,"loc":{"start":{"line":309,"column":24},"end":{"line":309,"column":76}},"locations":[{"start":{"line":309,"column":24},"end":{"line":309,"column":76}}]},"34":{"type":"branch","line":310,"loc":{"start":{"line":310,"column":20},"end":{"line":310,"column":72}},"locations":[{"start":{"line":310,"column":20},"end":{"line":310,"column":72}}]},"35":{"type":"branch","line":457,"loc":{"start":{"line":457,"column":7},"end":{"line":507,"column":1}},"locations":[{"start":{"line":457,"column":7},"end":{"line":507,"column":1}}]},"36":{"type":"branch","line":472,"loc":{"start":{"line":472,"column":30},"end":{"line":474,"column":3}},"locations":[{"start":{"line":472,"column":30},"end":{"line":474,"column":3}}]},"37":{"type":"branch","line":474,"loc":{"start":{"line":474,"column":2},"end":{"line":480,"column":53}},"locations":[{"start":{"line":474,"column":2},"end":{"line":480,"column":53}}]},"38":{"type":"branch","line":480,"loc":{"start":{"line":480,"column":53},"end":{"line":485,"column":5}},"locations":[{"start":{"line":480,"column":53},"end":{"line":485,"column":5}}]},"39":{"type":"branch","line":485,"loc":{"start":{"line":485,"column":4},"end":{"line":489,"column":34}},"locations":[{"start":{"line":485,"column":4},"end":{"line":489,"column":34}}]},"40":{"type":"branch","line":489,"loc":{"start":{"line":489,"column":30},"end":{"line":490,"column":47}},"locations":[{"start":{"line":489,"column":30},"end":{"line":490,"column":47}}]},"41":{"type":"branch","line":491,"loc":{"start":{"line":491,"column":6},"end":{"line":496,"column":5}},"locations":[{"start":{"line":491,"column":6},"end":{"line":496,"column":5}}]},"42":{"type":"branch","line":496,"loc":{"start":{"line":496,"column":4},"end":{"line":499,"column":43}},"locations":[{"start":{"line":496,"column":4},"end":{"line":499,"column":43}}]},"43":{"type":"branch","line":499,"loc":{"start":{"line":499,"column":28},"end":{"line":499,"column":73}},"locations":[{"start":{"line":499,"column":28},"end":{"line":499,"column":73}}]},"44":{"type":"branch","line":499,"loc":{"start":{"line":499,"column":73},"end":{"line":501,"column":5}},"locations":[{"start":{"line":499,"column":73},"end":{"line":501,"column":5}}]},"45":{"type":"branch","line":501,"loc":{"start":{"line":501,"column":4},"end":{"line":506,"column":3}},"locations":[{"start":{"line":501,"column":4},"end":{"line":506,"column":3}}]}},"b":{"0":[3],"1":[1],"2":[2],"3":[1],"4":[1],"5":[1],"6":[1],"7":[3],"8":[2],"9":[1],"10":[0],"11":[0],"12":[0],"13":[2],"14":[1],"15":[0],"16":[6],"17":[3],"18":[1],"19":[3],"20":[0],"21":[3],"22":[3],"23":[2],"24":[4],"25":[1],"26":[0],"27":[1],"28":[0],"29":[2],"30":[0],"31":[2],"32":[40],"33":[1],"34":[1],"35":[13],"36":[1],"37":[12],"38":[3],"39":[5],"40":[2],"41":[1],"42":[4],"43":[0],"44":[0],"45":[4]},"fnMap":{"0":{"name":"createUserConverter","decl":{"start":{"line":33,"column":7},"end":{"line":56,"column":1}},"loc":{"start":{"line":33,"column":7},"end":{"line":56,"column":1}},"line":33},"1":{"name":"toFirestore","decl":{"start":{"line":35,"column":4},"end":{"line":39,"column":6}},"loc":{"start":{"line":35,"column":4},"end":{"line":39,"column":6}},"line":35},"2":{"name":"fromFirestore","decl":{"start":{"line":41,"column":4},"end":{"line":54,"column":6}},"loc":{"start":{"line":41,"column":4},"end":{"line":54,"column":6}},"line":41},"3":{"name":"createCourseConverter","decl":{"start":{"line":61,"column":7},"end":{"line":82,"column":1}},"loc":{"start":{"line":61,"column":7},"end":{"line":82,"column":1}},"line":61},"4":{"name":"toFirestore","decl":{"start":{"line":63,"column":4},"end":{"line":66,"column":6}},"loc":{"start":{"line":63,"column":4},"end":{"line":66,"column":6}},"line":63},"5":{"name":"fromFirestore","decl":{"start":{"line":68,"column":4},"end":{"line":80,"column":6}},"loc":{"start":{"line":68,"column":4},"end":{"line":80,"column":6}},"line":68},"6":{"name":"createCompetenceConverter","decl":{"start":{"line":87,"column":7},"end":{"line":108,"column":1}},"loc":{"start":{"line":87,"column":7},"end":{"line":108,"column":1}},"line":87},"7":{"name":"createUserProgressConverter","decl":{"start":{"line":113,"column":7},"end":{"line":134,"column":1}},"loc":{"start":{"line":113,"column":7},"end":{"line":134,"column":1}},"line":113},"8":{"name":"toFirestore","decl":{"start":{"line":115,"column":4},"end":{"line":118,"column":6}},"loc":{"start":{"line":115,"column":4},"end":{"line":118,"column":6}},"line":115},"9":{"name":"fromFirestore","decl":{"start":{"line":120,"column":4},"end":{"line":132,"column":6}},"loc":{"start":{"line":120,"column":4},"end":{"line":132,"column":6}},"line":120},"10":{"name":"validateFirestoreData","decl":{"start":{"line":156,"column":7},"end":{"line":187,"column":1}},"loc":{"start":{"line":156,"column":7},"end":{"line":187,"column":1}},"line":156},"11":{"name":"sanitizeUserInput","decl":{"start":{"line":205,"column":7},"end":{"line":239,"column":1}},"loc":{"start":{"line":205,"column":7},"end":{"line":239,"column":1}},"line":205},"12":{"name":"createTimestamp","decl":{"start":{"line":247,"column":7},"end":{"line":250,"column":1}},"loc":{"start":{"line":247,"column":7},"end":{"line":250,"column":1}},"line":247},"13":{"name":"generateDocumentId","decl":{"start":{"line":259,"column":7},"end":{"line":281,"column":1}},"loc":{"start":{"line":259,"column":7},"end":{"line":281,"column":1}},"line":259},"14":{"name":"generateRandomId","decl":{"start":{"line":286,"column":0},"end":{"line":294,"column":1}},"loc":{"start":{"line":286,"column":0},"end":{"line":294,"column":1}},"line":286},"15":{"name":"getUserNotifications","decl":{"start":{"line":309,"column":24},"end":{"line":309,"column":76}},"loc":{"start":{"line":309,"column":24},"end":{"line":309,"column":76}},"line":309},"16":{"name":"getCourseModules","decl":{"start":{"line":310,"column":20},"end":{"line":310,"column":72}},"loc":{"start":{"line":310,"column":20},"end":{"line":310,"column":72}},"line":310},"17":{"name":"getUserAssessments","decl":{"start":{"line":311,"column":22},"end":{"line":311,"column":72}},"loc":{"start":{"line":311,"column":22},"end":{"line":311,"column":72}},"line":311},"18":{"name":"getCourseAnalytics","decl":{"start":{"line":312,"column":22},"end":{"line":312,"column":76}},"loc":{"start":{"line":312,"column":22},"end":{"line":312,"column":76}},"line":312},"19":{"name":"getFirebaseErrorMessage","decl":{"start":{"line":332,"column":7},"end":{"line":346,"column":1}},"loc":{"start":{"line":332,"column":7},"end":{"line":346,"column":1}},"line":332},"20":{"name":"handleFirestoreOperation","decl":{"start":{"line":352,"column":0},"end":{"line":366,"column":1}},"loc":{"start":{"line":352,"column":0},"end":{"line":366,"column":1}},"line":352},"21":{"name":"chunkArray","decl":{"start":{"line":380,"column":7},"end":{"line":391,"column":1}},"loc":{"start":{"line":380,"column":7},"end":{"line":391,"column":1}},"line":380},"22":{"name":"validateBatchOperations","decl":{"start":{"line":397,"column":7},"end":{"line":399,"column":1}},"loc":{"start":{"line":397,"column":7},"end":{"line":399,"column":1}},"line":397},"23":{"name":"isUserProfile","decl":{"start":{"line":406,"column":7},"end":{"line":413,"column":1}},"loc":{"start":{"line":406,"column"
[...]
51,"column":12}},"451":{"start":{"line":452,"column":0},"end":{"line":452,"column":33}},"452":{"start":{"line":453,"column":0},"end":{"line":453,"column":13}},"453":{"start":{"line":454,"column":0},"end":{"line":454,"column":18}},"454":{"start":{"line":455,"column":0},"end":{"line":455,"column":6}},"455":{"start":{"line":456,"column":0},"end":{"line":456,"column":3}},"456":{"start":{"line":457,"column":0},"end":{"line":457,"column":1}},"457":{"start":{"line":458,"column":0},"end":{"line":458,"column":0}},"458":{"start":{"line":459,"column":0},"end":{"line":459,"column":33}},"459":{"start":{"line":460,"column":0},"end":{"line":460,"column":61}},"460":{"start":{"line":461,"column":0},"end":{"line":461,"column":0}},"461":{"start":{"line":462,"column":0},"end":{"line":462,"column":42}},"462":{"start":{"line":463,"column":0},"end":{"line":463,"column":31}}},"s":{"0":1,"1":1,"2":1,"3":1,"4":1,"5":1,"6":1,"7":1,"8":1,"9":1,"10":1,"11":1,"12":1,"13":1,"14":1,"15":1,"16":1,"17":1,"18":1,"19":1,"20":1,"21":1,"22":1,"23":1,"24":1,"25":1,"26":1,"27":1,"28":1,"29":1,"30":1,"31":1,"32":1,"33":1,"34":1,"35":1,"36":1,"37":1,"38":1,"39":1,"40":1,"41":1,"42":1,"43":1,"44":1,"45":1,"46":1,"47":1,"48":1,"49":1,"50":1,"51":1,"52":1,"53":28,"54":26,"55":26,"56":28,"57":28,"58":1,"59":1,"60":1,"61":1,"62":1,"63":12,"64":12,"65":1,"66":1,"67":1,"68":1,"69":1,"70":1,"71":1,"72":1,"73":1,"74":1,"75":1,"76":1,"77":1,"78":1,"79":1,"80":1,"81":1,"82":1,"83":1,"84":1,"85":1,"86":1,"87":1,"88":1,"89":1,"90":1,"91":1,"92":1,"93":1,"94":1,"95":1,"96":6,"97":6,"98":6,"99":6,"100":6,"101":1,"102":1,"103":1,"104":1,"105":1,"106":110,"107":110,"108":110,"109":110,"110":110,"111":110,"112":110,"113":110,"114":110,"115":105,"116":110,"117":110,"118":2,"119":110,"120":110,"121":3,"122":110,"123":110,"124":0,"125":110,"126":110,"127":1,"128":1,"129":1,"130":1,"131":1,"132":105,"133":0,"134":0,"135":0,"136":0,"137":0,"138":0,"139":0,"140":0,"141":105,"142":105,"143":105,"144":105,"145":105,"146":105,"147":105,"148":105,"149":105,"150":105,"151":105,"152":105,"153":105,"154":105,"155":105,"156":105,"157":105,"158":1,"159":1,"160":1,"161":1,"162":1,"163":2,"164":2,"165":2,"166":2,"167":2,"168":2,"169":2,"170":2,"171":2,"172":2,"173":2,"174":2,"175":2,"176":1,"177":1,"178":1,"179":1,"180":1,"181":3,"182":3,"183":3,"184":3,"185":6,"186":6,"187":12,"188":6,"189":6,"190":6,"191":5,"192":5,"193":3,"194":3,"195":3,"196":3,"197":3,"198":3,"199":3,"200":3,"201":3,"202":3,"203":3,"204":3,"205":3,"206":3,"207":1,"208":1,"209":1,"210":1,"211":1,"212":1033,"213":1033,"214":1033,"215":1033,"216":1033,"217":1033,"218":1033,"219":1033,"220":1033,"221":1033,"222":1033,"223":1033,"224":1033,"225":1033,"226":1033,"227":1033,"228":1033,"229":1033,"230":1033,"231":1033,"232":1033,"233":1033,"234":1033,"235":1033,"236":1033,"237":1033,"238":1033,"239":1033,"240":1033,"241":1033,"242":1033,"243":1033,"244":1,"245":1,"246":1,"247":1,"248":1,"249":21,"250":21,"251":21,"252":21,"253":21,"254":21,"255":21,"256":21,"257":21,"258":21,"259":21,"260":21,"261":21,"262":21,"263":21,"264":21,"265":21,"266":21,"267":21,"268":21,"269":21,"270":21,"271":21,"272":21,"273":1,"274":1,"275":1,"276":1,"277":1,"278":21,"279":21,"280":21,"281":21,"282":42,"283":42,"284":42,"285":21,"286":21,"287":21,"288":21,"289":21,"290":21,"291":21,"292":21,"293":21,"294":21,"295":21,"296":21,"297":21,"298":21,"299":21,"300":21,"301":21,"302":21,"303":21,"304":21,"305":21,"306":21,"307":21,"308":1,"309":1,"310":1,"311":1,"312":1,"313":105,"314":1,"315":1,"316":104,"317":104,"318":104,"319":104,"320":105,"321":1,"322":1,"323":2,"324":1,"325":1,"326":1,"327":2,"328":2,"329":2,"330":1,"331":1,"332":3,"333":2,"334":2,"335":1,"336":1,"337":1,"338":3,"339":1,"340":1,"341":1,"342":1,"343":1,"344":1033,"345":1033,"346":1033,"347":1033,"348":1033,"349":1033,"350":1033,"351":1033,"352":1033,"353":1033,"354":1033,"355":1033,"356":1033,"357":1033,"358":1033,"359":1033,"360":1033,"361":1033,"362":1033,"363":1033,"364":1033,"365":1,"366":1,"367":21,"368":21,"369":21,"370":21,"371":21,"372":21,"373":21,"374":21,"375":21,"376":21,"377":21,"378":21,"379":21,"380":21,"381":21,"382":21,"383":21,"384":21,"385":21,"386":1,"387":1,"388":21,"389":21,"390":21,"391":21,"392":21,"393":21,"394":21,"395":21,"396":21,"397":21,"398":21,"399":21,"400":21,"401":21,"402":21,"403":21,"404":21,"405":21,"406":21,"407":21,"408":21,"409":21,"410":21,"411":1,"412":1,"413":1,"414":1,"415":1,"416":1075,"417":1075,"418":1075,"419":1075,"420":1075,"421":1075,"422":1075,"423":1075,"424":1,"425":1,"426":105,"427":105,"428":1,"429":1,"430":1,"431":1,"432":1,"433":0,"434":0,"435":1,"436":1,"437":1,"438":1,"439":1,"440":0,"441":0,"442":0,"443":0,"444":0,"445":0,"446":0,"447":0,"448":0,"449":0,"450":0,"451":0,"452":0,"453":0,"454":0,"455":0,"456":1,"457":1,"458":1,"459":1,"460":1,"461":1,"462":1},"branchMap":{"0":{"type":"branch","line":48,"loc":{"start":{"line":48,"column":65},"end":{"line":457,"column":1}},"locations":[{"start":{"line":48,"column":65},"end":{"line":457,"column":1}}]},"1":{"type":"branch","line":48,"loc":{"start":{"line":48,"column":65},"end":{"line":457,"column":1}},"locations":[{"start":{"line":48,"column":65},"end":{"line":457,"column":1}}]},"2":{"type":"branch","line":53,"loc":{"start":{"line":53,"column":16},"end":{"line":58,"column":3}},"locations":[{"start":{"line":53,"column":16},"end":{"line":58,"column":3}}]},"3":{"type":"branch","line":54,"loc":{"start":{"line":54,"column":35},"end":{"line":56,"column":5}},"locations":[{"start":{"line":54,"column":35},"end":{"line":56,"column":5}}]},"4":{"type":"branch","line":63,"loc":{"start":{"line":63,"column":2},"end":{"line":65,"column":3}},"locations":[{"start":{"line":63,"column":2},"end":{"line":65,"column":3}}]},"5":{"type":"branch","line":64,"loc":{"start":{"line":64,"column":32},"end":{"line":64,"column":42}},"locations":[{"start":{"line":64,"column":32},"end":{"line":64,"column":42}}]},"6":{"type":"branch","line":70,"loc":{"start":{"line":70,"column":2},"end":{"line":73,"column":3}},"locations":[{"start":{"line":70,"column":2},"end":{"line":73,"column":3}}]},"7":{"type":"branch","line":78,"loc":{"start":{"line":78,"column":2},"end":{"line":91,"column":3}},"locations":[{"start":{"line":78,"column":2},"end":{"line":91,"column":3}}]},"8":{"type":"branch","line":80,"loc":{"start":{"line":80,"column":41},"end":{"line":80,"column":71}},"locations":[{"start":{"line":80,"column":41},"end":{"line":80,"column":71}}]},"9":{"type":"branch","line":96,"loc":{"start":{"line":96,"column":2},"end":{"line":101,"column":3}},"locations":[{"start":{"line":96,"column":2},"end":{"line":101,"column":3}}]},"10":{"type":"branch","line":106,"loc":{"start":{"line":106,"column":2},"end":{"line":127,"column":3}},"locations":[{"start":{"line":106,"column":2},"end":{"line":127,"column":3}}]},"11":{"type":"branch","line":115,"loc":{"start":{"line":115,"column":6},"end":{"line":116,"column":81}},"locations":[{"start":{"line":115,"column":6},"end":{"line":116,"column":81}}]},"12":{"type":"branch","line":118,"loc":{"start":{"line":118,"column":6},"end":{"line":119,"column":93}},"locations":[{"start":{"line":118,"column":6},"end":{"line":119,"column":93}}]},"13":{"type":"branch","line":121,"loc":{"start":{"line":121,"column":6},"end":{"line":122,"column":95}},"locations":[{"start":{"line":121,"column":6},"end":{"line":122,"column":95}}]},"14":{"type":"branch","line":124,"loc":{"start":{"line":124,"column":6},"end":{"line":125,"column":83}},"locations":[{"start":{"line":124,"column":6},"end":{"line":125,"column":83}}]},"15":{"type":"branch","line":132,"loc":{"start":{"line":132,"column":10},"end":{"line":158,"column":3}},"locations":[{"start":{"line":132,"column":10},"end":{"line":158,"column":3}}]},"16":{"type":"branch","line":133,"loc":{"start":{"line":133,"column":77},"end":{"line":141,"column":5}},"locations":[{"start":{"line":133,"column":77},"end":{"line":141,"column":5}}]},"17":{"type":"branch","line":143,"loc":{"start":{"line":143,"column":55},"end":{"line":143,"column":77}},"locations":[{"start":{"line":143,"column":55},"end":{"line":143,"column":77}}]},"18":{"type":"branch","line":148,"loc":{"start":{"line":148,"column":18},"end":{"line":148,"column":48}},"locations":[{"start":{"line":148,"column":18},"end":{"line":148,"column":48}}]},"19":{"type":"branch","line":148,"loc":{"start":{"line":148,"column":39},"end":{"line":148,"column":50}},"locations":[{"start":{"line":148,"column":39},"end":{"line":148,"column":50}}]},"20":{"type":"branch","line":144,"loc":{"start":{"line":144,"column":51},"end":{"line":144,"column":71}},"locations":[{"start":{"line":144,"column":51},"end":{"line":144,"column":71}}]},"21":{"type":"branch","line":145,"loc":{"start":{"line":145,"column":42},"end":{"line":145,"column":55}},"locations":[{"start":{"line":145,"column":42},"end":{"line":145,"column":55}}]},"22":{"type":"branch","line":163,"loc":{"start":{"line":163,"column":10},"end":{"line":176,"column":3}},"locations":[{"start":{"line":163,"column":10},"end":{"line":176,"column":3}}]},"23":{"type":"branch","line":166,"loc":{"start":{"line":166,"column":18},"end":{"line":166,"column":48}},"locations":[{"start":{"line":166,"column":18},"end":{"line":166,"column":48}}]},"24":{"type":"branch","line":166,"loc":{"start":{"line":166,"column":39},"end":{"line":166,"column":50}},"locations":[{"start":{"line":166,"column":39},"end":{"line":166,"column":50}}]},"25":{"type":"branch","line":181,"loc":{"start":{"line":181,"column":10},"end":{"line":207,"column":3}},"locations":[{"start":{"line":181,"column":10},"end":{"line":207,"column":3}}]},"26":{"type":"branch","line":185,"loc":{"start":{"line":185,"column":28},"end":{"line":194,"column":5}},"locations":[{"start":{"line":185,"column":28},"end":{"line":194,"column":5}}]},"27":{"type":"branch","line":186,"loc":{"start":{"line":186,"column":56},"end":{"line":186,"column":64}},"locations":[{"start":{"line":186,"column":56},"end":{"line":186,"column":64}}]},"28":{"type":"branch","line":191,"loc":{"start":{"line":191,"column":46},"end":{"line":193,"column":7}},"locations":[{"start":{"line":191,"column":46},"end":{"line":193,"column":7}}]},"29":{"type":"branch","line":187,"loc":{"start":{"line":187,"column":54},"end":{"line":188,"column":62}},"locations":[{"start":{"line":187,"column":54},"end":{"line":188,"column":62}}]},"30":{"type":"branch","line":188,"loc":{"start":{"line":188,"column":17},"end":{"line":188,"column":42}},"locations":[{"start":{"line":188,"column":17},"end":{"line":188,"column":42}}]},"31":{"type":"branch","line":212,"loc":{"start":{"line":212,"column":2},"end":{"line":244,"column":3}},"locations":[{"start":{"line":212,"column":2},"end":{"line":244,"column":3}}]},"32":{"type":"branch","line":221,"loc":{"start":{"line":221,"column":11},"end":{"line":221,"column":36}},"locations":[{"start":{"line":221,"column":11},"end":{"line":221,"column":36}}]},"33":{"type":"branch","line":249,"loc":{"start":{"line":249,"column":2},"end":{"line":273,"column":3}},"locations":[{"start":{"line":249,"column":2},"end":{"line":273,"column":3}}]},"34":{"type":"branch","line":278,"loc":{"start":{"line":278,"column":2},"end":{"line":308,"column":3}},"locations":[{"start":{"line":278,"column":2},"end":{"line":308,"column":3}}]},"35":{"type":"branch","line":282,"loc":{"start":{"line":282,"column":54},"end":{"line":286,"column":6}},"locations":[{"start":{"line":282,"column":54},"end":{"line":286,"column":6}}]},"36":{"type":"branch","line":313,"loc":{"start":{"line":313,"column":10},"end":{"line":321,"column":3}},"locations":[{"start":{"line":313,"column":10},"end":{"line":321,"column":3}}]},"37":{"type":"branch","line":314,"loc":{"start":{"line":314,"column":19},"end":{"line":316,"column":5}},"locations":[{"start":{"line":314,"column":19},"end":{"line":316,"column":5}}]},"38":{"type":"branch","line":316,"loc":{"start":{"line":316,"column":4},"end":{"line":320,"column":78}},"locations":[{"start":{"line":316,"column":4},"end":{"line":320,"column":78}}]},"39":{"type":"branch","line":318,"loc":{"start":{"line":318,"column":51},"end":{"line":318,"column":71}},"locations":[{"start":{"line":318,"column":51},"end":{"line":318,"column":71}}]},"40":{"type":"branch","line":319,"loc":{"start":{"line":319,"column":44},"end":{"line":319,"column":59}},"locations":[{"start":{"line":319,"column":44},"end":{"line":319,"column":59}}]},"41":{"type":"branch","line":323,"loc":{"start":{"line":323,"column":10},"end":{"line":330,"column":3}},"locations":[{"start":{"line":323,"column":10},"end":{"line":330,"column":3}}]},"42":{"type":"branch","line":324,"loc":{"start":{"line":324,"column":19},"end":{"line":328,"column":58}},"locations":[{"start":{"line":324,"column":19},"end":{"line":328,"column":58}}]},"43":{"type":"branch","line":328,"loc":{"start":{"line":328,"column":49},"end":{"line":328,"column":65}},"locations":[{"start":{"line":328,"column":49},"end":{"line":328,"column":65}}]},"44":{"type":"branch","line":332,"loc":{"start":{"line":332,"column":10},"end":{"line":339,"column":3}},"locations":[{"start":{"line":332,"column":10},"end":{"line":339,"column":3}}]},"45":{"type":"branch","line":333,"loc":{"start":{"line":333,"column":19},"end":{"line":335,"column":5}},"locations":[{"start":{"line":333,"column":19},"end":{"line":335,"column":5}}]},"46":{"type":"branch","line":335,"loc":{"start":{"line":335,"column":4},"end":{"line":338,"column":92}},"locations":[{"start":{"line":335,"column":4},"end":{"line":338,"column":92}}]},"47":{"type":"branch","line":344,"loc":{"start":{"line":344,"column":10},"end":{"line":365,"column":3}},"locations":[{"start":{"line":344,"column":10},"end":{"line":365,"column":3}}]},"48":{"type":"branch","line":367,"loc":{"start":{"line":367,"column":10},"end":{"line":386,"column":3}},"locations":[{"start":{"line":367,"column":10},"end":{"line":386,"column":3}}]},"49":{"type":"branch","line":388,"loc":{"start":{"line":388,"column":10},"end":{"line":411,"column":3}},"locations":[{"start":{"line":388,"column":10},"end":{"line":411,"column":3}}]},"50":{"type":"branch","line":416,"loc":{"start":{"line":416,"column":10},"end":{"line":424,"column":3}},"locations":[{"start":{"line":416,"column":10},"end":{"line":424,"column":3}}]},"51":{"type":"branch","line":426,"loc":{"start":{"line":426,"column":10},"end":{"line":428,"column":3}},"locations":[{"start":{"line":426,"column":10},"end":{"line":428,"column":3}}]},"52":{"type":"branch","line":427,"loc":{"start":{"line":427,"column":26},"end":{"line":427,"column":70}},"locations":[{"start":{"line":427,"column":26},"end":{"line":427,"column":70}}]},"53":{"type":"branch","line":427,"loc":{"start":{"line":427,"column":44},"end":{"line":427,"column":68}},"locations":[{"start":{"line":427,"column":44},"end":{"line":427,"column":68}}]}},"b":{"0":[26],"1":[1],"2":[28],"3":[26],"4":[12],"5":[11],"6":[1],"7":[1],"8":[3],"9":[6],"10":[110],"11":[105],"12":[2],"13":[3],"14":[0],"15":[105],"16":[0],"17":[0],"18":[1],"19":[104],"20":[420],"21":[105],"22":[2],"23":[1],"24":[1],"25":[3],"26":[6],"27":[0],"28":[5],"29":[12],"30":[0],"31":[1033],"32":[4926],"33":[21],"34":[21],"35":[42],"36":[105],"37":[1],"38":[104],"39":[416],"40":[104],"41":[2],"42":[1],"43":[0],"44":[3],"45":[2],"46":[1],"47":[1033],"48":[21],"49":[21],"50":[1075],"51":[105],"52":[102],"53":[102]},"fnMap":{"0":{"name":"<instance_members_initializer>","decl":{"start":{"line":48,"column":65},"end":{"line":457,"column":1}},"loc":{"start":{"line":48,"column":65},"end":{"line":457,"column":1}},"line":48},"1":{"name":"<static_initializer>","decl":{"start":{"line":48,"column":65},"end":{"line":457,"column":1}},"loc":{"start":{"line":48,"column":65},"end":{"line":457,"column":1}},"line":48},"2":{"name":"getInstance","decl":{"start":{"line":53,"column":16},"end":{"line":58,"column":3}},"loc":{"start":{"line":53,"column":16},"end":{"line":58,"column":3}},"line":53},"3":{"name":"getExercise","decl":{"start":{"line":63,"column":2},"end":{"line":65,"column":3}},"loc":{"start":{"line":63,"column":2},"end":{"line":65,"column":3}},"line":63},"4":{"name":"getExercisesByDifficulty","decl":{"start":{"line":70,"column":2},"end":{"line":73,"column":3}},"loc":{"start":{"line":70,"column":2},"end":{"line":73,"column":3}},"line":70},"5":{"name":"createExerciseCollection","decl":{"start":{"line":78,"column":2},"end":{"line":91,"column":3}},"loc":{"start":{"line":78,"column":2},"end":{"line":91,"column":3}},"line":78},"6":{"name":"getRecommendedExercises","decl":{"start":{"line":96,"column":2},"end":{"line":101,"column":3}},"loc":{"start":{"line":96,"column":2},"end":{"line":101,"column":3}},"line":96},"7":{"name":"evaluateUserAnswer","decl":{"start":{"line":106,"column":2},"end":{"line":127,"column":3}},"loc":{"start":{"line":106,"column":2},"end":{"line":127,"column":3}},"line":106},"8":{"name":"evaluateQCM","decl":{"start":{"line":132,"column":10},"end":{"line":158,"column":3}},"loc":{"start":{"line":132,"column":10},"end":{"line":158,"column":3}},"line":132},"9":{"name":"evaluateTrueFalse","decl":{"start":{"line":163,"column":10},"end":{"line":176,"column":3}},"loc":{"start":{"line":163,"column":10},"end":{"line":176,"column":3}},"line":163},"10":{"name":"evaluateFillBlanks","decl":{"start":{"line":181,"column":10},"end":{"line":207,"column":3}},"loc":{"start":{"line":181,"column":10},"end":{"line":207,"column":3}},"line":181},"11":{"name":"generateQCMExercise","decl":{"start":{"line":212,"column":2},"end":{"line":244,"column":3}},"loc":{"start":{"line":212,"column":2},"end":{"line":244,"column":3}},"line":212},"12":{"name":"generateTrueFalseExercise","decl":{"start":{"line":249,"column":2},"end":{"line":273,"column":3}},"loc":{"start":{"line":249,"column":2},"end":{"line":273,"column":3}},"line":249},"13":{"name":"generateFillBlanksExercise","decl":{"start":{"line":278,"column":2},"end":{"line":308,"column":3}},"loc":{"start":{"line":278,"column":2},"end":{"line":308,"column":3}},"line":278},"14":{"name":"generateQCMFeedback","decl":{"start":{"line":313,"column":10},"end":{"line":321,"column":3}},"loc":{"start":{"line":313,"column":10},"end":{"line":321,"column":3}},"line":313},"15":{"name":"generateTrueFalseFeedback","decl":{"start":{"line":323,"column":10},"end":{"line":330,"column":3}},"loc":{"start":{"line":323,"column":10},"end":{"line":330,"column":3}},"line":323},"16":{"name":"generateFillBlanksFeedback","decl":{"start":{"line":332,"column":10},"end":{"line":339,"column":3}},"loc":{"start":{"line":332,"column":10},"end":{"line":339,"column":3}},"line":332},"17":{"name":"getQCMTemplates","decl":{"start":{"line":344,"column":10},"end":{"line":365,"column":3}},"loc":{"start":{"line":344,"column":10},"end":{"line":365,"column":3}},"line":344},"18":{"name":"getTrueFalseTemplates","decl":{"start":{"line":367,"column":10},"end":{"line":386,"column":3}},"loc":{"start":{"line":367,"column":10},"end":{"line":386,"column":3}},"line":367},"19":{"name":"getFillBlanksTemplates","decl":{"start":{"line":388,"column":10},"end":{"line":411,"column":3}},"loc":{"start":{"line":388,"column":10},"end":{"line":411,"column":3}},"line":388},"20":{"name":"getPointsByDifficulty","decl":{"start":{"line":416,"column":10},"end":{"line":424,"column":3}},"loc":{"start":{"line":416,"column":10},"end":{"line":424,"column":3}},"line":416},"21":{"name":"arraysEqual","decl":{"start":{"line":426,"column":10},"end":{"line":428,"column":3}},"loc":{"start":{"line":426,"column":10},"end":{"line":428,"column":3}},"line":426},"22":{"name":"saveExercise","decl":{"start":{"line":433,"column":2},"end":{"line":435,"column":3}},"loc":{"start":{"line":433,"column":2},"end":{"line":435,"column":3}},"line":433},"23":{"name":"getExerciseStats","decl":{"start":{"line":440,"column":2},"end":{"line":456,"column":3}},"loc":{"start":{"line":440,"column":2},"end":{"line":456,"column":3}},"line":440}},"f":{"0":26,"1":1,"2":28,"3":12,"4":1,"5":1,"6":6,"7":110,"8":105,"9":2,"10":3,"11":1033,"12":21,"13":21,"14":105,"15":2,"16":3,"17":1033,"18":21,"19":21,"20":1075,"21":105,"22":0,"23":0}}
}
